{"C:\\Users\\clebe\\OneDrive\\Imágenes\\pacre\\conecta-tehuacan\\apps\\frontend\\src\\main.tsx": {"path":"C:\\Users\\clebe\\OneDrive\\Imágenes\\pacre\\conecta-tehuacan\\apps\\frontend\\src\\main.tsx","statementMap":{"0":{"start":{"line":1,"column":0},"end":{"line":4,"column":null}}},"fnMap":{},"branchMap":{},"s":{"0":0},"f":{},"b":{}}
,"C:\\Users\\clebe\\OneDrive\\Imágenes\\pacre\\conecta-tehuacan\\apps\\frontend\\src\\app\\error.js": {"path":"C:\\Users\\clebe\\OneDrive\\Imágenes\\pacre\\conecta-tehuacan\\apps\\frontend\\src\\app\\error.js","statementMap":{"0":{"start":{"line":5,"column":24},"end":{"line":5,"column":30}},"1":{"start":{"line":3,"column":19},"end":{"line":3,"column":null}}},"fnMap":{"0":{"name":"Error","decl":{"start":{"line":5,"column":24},"end":{"line":5,"column":30}},"loc":{"start":{"line":5,"column":46},"end":{"line":20,"column":null}}}},"branchMap":{},"s":{"0":0,"1":0},"f":{"0":0},"b":{}}
,"C:\\Users\\clebe\\OneDrive\\Imágenes\\pacre\\conecta-tehuacan\\apps\\frontend\\src\\app\\layout.js": {"path":"C:\\Users\\clebe\\OneDrive\\Imágenes\\pacre\\conecta-tehuacan\\apps\\frontend\\src\\app\\layout.js","statementMap":{"0":{"start":{"line":12,"column":24},"end":{"line":12,"column":35}},"1":{"start":{"line":7,"column":13},"end":{"line":7,"column":21}},"2":{"start":{"line":1,"column":22},"end":{"line":1,"column":null}},"3":{"start":{"line":2,"column":7},"end":{"line":2,"column":null}},"4":{"start":{"line":3,"column":25},"end":{"line":3,"column":null}},"5":{"start":{"line":5,"column":14},"end":{"line":5,"column":null}},"6":{"start":{"line":7,"column":24},"end":{"line":10,"column":null}}},"fnMap":{"0":{"name":"RootLayout","decl":{"start":{"line":12,"column":24},"end":{"line":12,"column":35}},"loc":{"start":{"line":12,"column":47},"end":{"line":25,"column":1}}}},"branchMap":{},"s":{"0":0,"1":0,"2":0,"3":0,"4":0,"5":0,"6":0},"f":{"0":0},"b":{}}
,"C:\\Users\\clebe\\OneDrive\\Imágenes\\pacre\\conecta-tehuacan\\apps\\frontend\\src\\app\\not-found.js": {"path":"C:\\Users\\clebe\\OneDrive\\Imágenes\\pacre\\conecta-tehuacan\\apps\\frontend\\src\\app\\not-found.js","statementMap":{"0":{"start":{"line":5,"column":24},"end":{"line":5,"column":null}},"1":{"start":{"line":3,"column":19},"end":{"line":3,"column":null}}},"fnMap":{"0":{"name":"NotFound","decl":{"start":{"line":5,"column":24},"end":{"line":5,"column":null}},"loc":{"start":{"line":5,"column":24},"end":{"line":20,"column":null}}}},"branchMap":{},"s":{"0":0,"1":0},"f":{"0":0},"b":{}}
,"C:\\Users\\clebe\\OneDrive\\Imágenes\\pacre\\conecta-tehuacan\\apps\\frontend\\src\\app\\page.js": {"path":"C:\\Users\\clebe\\OneDrive\\Imágenes\\pacre\\conecta-tehuacan\\apps\\frontend\\src\\app\\page.js","statementMap":{"0":{"start":{"line":1,"column":24},"end":{"line":1,"column":null}}},"fnMap":{"0":{"name":"Home","decl":{"start":{"line":1,"column":24},"end":{"line":1,"column":null}},"loc":{"start":{"line":1,"column":24},"end":{"line":3,"column":null}}}},"branchMap":{},"s":{"0":0},"f":{"0":0},"b":{}}
,"C:\\Users\\clebe\\OneDrive\\Imágenes\\pacre\\conecta-tehuacan\\apps\\frontend\\src\\app\\(auth)\\login\\page.js": {"path":"C:\\Users\\clebe\\OneDrive\\Imágenes\\pacre\\conecta-tehuacan\\apps\\frontend\\src\\app\\(auth)\\login\\page.js","statementMap":{"0":{"start":{"line":8,"column":24},"end":{"line":8,"column":null}},"1":{"start":{"line":3,"column":34},"end":{"line":3,"column":null}},"2":{"start":{"line":4,"column":24},"end":{"line":4,"column":null}},"3":{"start":{"line":5,"column":35},"end":{"line":5,"column":null}},"4":{"start":{"line":6,"column":19},"end":{"line":6,"column":null}},"5":{"start":{"line":9,"column":59},"end":{"line":9,"column":null}},"6":{"start":{"line":10,"column":74},"end":{"line":10,"column":null}},"7":{"start":{"line":11,"column":23},"end":{"line":11,"column":null}},"8":{"start":{"line":14,"column":2},"end":{"line":51,"column":null}},"9":{"start":{"line":15,"column":26},"end":{"line":47,"column":null}},"10":{"start":{"line":17,"column":6},"end":{"line":19,"column":null}},"11":{"start":{"line":18,"column":8},"end":{"line":18,"column":null}},"12":{"start":{"line":21,"column":6},"end":{"line":46,"column":null}},"13":{"start":{"line":23,"column":10},"end":{"line":23,"column":null}},"14":{"start":{"line":24,"column":10},"end":{"line":28,"column":null}},"15":{"start":{"line":25,"column":12},"end":{"line":25,"column":null}},"16":{"start":{"line":27,"column":12},"end":{"line":27,"column":null}},"17":{"start":{"line":29,"column":10},"end":{"line":29,"column":null}},"18":{"start":{"line":31,"column":10},"end":{"line":31,"column":null}},"19":{"start":{"line":32,"column":10},"end":{"line":32,"column":null}},"20":{"start":{"line":33,"column":10},"end":{"line":33,"column":null}},"21":{"start":{"line":35,"column":10},"end":{"line":35,"column":null}},"22":{"start":{"line":36,"column":10},"end":{"line":36,"column":null}},"23":{"start":{"line":37,"column":10},"end":{"line":37,"column":null}},"24":{"start":{"line":40,"column":10},"end":{"line":40,"column":null}},"25":{"start":{"line":43,"column":10},"end":{"line":43,"column":null}},"26":{"start":{"line":45,"column":10},"end":{"line":45,"column":null}},"27":{"start":{"line":49,"column":4},"end":{"line":49,"column":null}},"28":{"start":{"line":50,"column":4},"end":{"line":50,"column":null}},"29":{"start":{"line":50,"column":17},"end":{"line":50,"column":null}},"30":{"start":{"line":53,"column":31},"end":{"line":55,"column":null}},"31":{"start":{"line":54,"column":4},"end":{"line":54,"column":null}},"32":{"start":{"line":57,"column":31},"end":{"line":59,"column":null}},"33":{"start":{"line":58,"column":4},"end":{"line":58,"column":null}}},"fnMap":{"0":{"name":"Login","decl":{"start":{"line":8,"column":24},"end":{"line":8,"column":null}},"loc":{"start":{"line":8,"column":24},"end":{"line":89,"column":null}}},"1":{"name":"(anonymous_3)","decl":{"start":{"line":14,"column":12},"end":{"line":14,"column":null}},"loc":{"start":{"line":14,"column":12},"end":{"line":51,"column":5}}},"2":{"name":"(anonymous_4)","decl":{"start":{"line":15,"column":26},"end":{"line":15,"column":27}},"loc":{"start":{"line":15,"column":27},"end":{"line":47,"column":null}}},"3":{"name":"(anonymous_5)","decl":{"start":{"line":50,"column":11},"end":{"line":50,"column":17}},"loc":{"start":{"line":50,"column":17},"end":{"line":50,"column":null}}},"4":{"name":"(anonymous_6)","decl":{"start":{"line":53,"column":31},"end":{"line":53,"column":null}},"loc":{"start":{"line":53,"column":31},"end":{"line":55,"column":null}}},"5":{"name":"(anonymous_7)","decl":{"start":{"line":57,"column":31},"end":{"line":57,"column":null}},"loc":{"start":{"line":57,"column":31},"end":{"line":59,"column":null}}}},"branchMap":{"0":{"loc":{"start":{"line":17,"column":6},"end":{"line":19,"column":null}},"type":"if","locations":[{"start":{"line":17,"column":6},"end":{"line":19,"column":null}}]},"1":{"loc":{"start":{"line":21,"column":6},"end":{"line":46,"column":null}},"type":"switch","locations":[{"start":{"line":22,"column":8},"end":{"line":29,"column":null}},{"start":{"line":30,"column":8},"end":{"line":33,"column":null}},{"start":{"line":34,"column":8},"end":{"line":37,"column":null}},{"start":{"line":38,"column":8},"end":{"line":40,"column":null}},{"start":{"line":41,"column":8},"end":{"line":43,"column":null}},{"start":{"line":44,"column":8},"end":{"line":45,"column":null}}]},"2":{"loc":{"start":{"line":24,"column":10},"end":{"line":28,"column":null}},"type":"if","locations":[{"start":{"line":24,"column":10},"end":{"line":28,"column":null}},{"start":{"line":26,"column":17},"end":{"line":28,"column":null}}]}},"s":{"0":12,"1":1,"2":1,"3":1,"4":1,"5":12,"6":12,"7":12,"8":12,"9":12,"10":13,"11":0,"12":13,"13":6,"14":6,"15":1,"16":5,"17":6,"18":3,"19":3,"20":3,"21":1,"22":1,"23":1,"24":2,"25":0,"26":1,"27":12,"28":12,"29":12,"30":12,"31":2,"32":12,"33":1},"f":{"0":12,"1":12,"2":13,"3":12,"4":2,"5":1},"b":{"0":[0],"1":[6,3,1,2,0,1],"2":[1,5]}}
,"C:\\Users\\clebe\\OneDrive\\Imágenes\\pacre\\conecta-tehuacan\\apps\\frontend\\src\\app\\(auth)\\registro\\page.js": {"path":"C:\\Users\\clebe\\OneDrive\\Imágenes\\pacre\\conecta-tehuacan\\apps\\frontend\\src\\app\\(auth)\\registro\\page.js","statementMap":{"0":{"start":{"line":1,"column":24},"end":{"line":1,"column":null}}},"fnMap":{"0":{"name":"Registro","decl":{"start":{"line":1,"column":24},"end":{"line":1,"column":null}},"loc":{"start":{"line":1,"column":24},"end":{"line":2,"column":null}}}},"branchMap":{},"s":{"0":0},"f":{"0":0},"b":{}}
,"C:\\Users\\clebe\\OneDrive\\Imágenes\\pacre\\conecta-tehuacan\\apps\\frontend\\src\\app\\(public)\\contacto\\page.js": {"path":"C:\\Users\\clebe\\OneDrive\\Imágenes\\pacre\\conecta-tehuacan\\apps\\frontend\\src\\app\\(public)\\contacto\\page.js","statementMap":{"0":{"start":{"line":1,"column":24},"end":{"line":1,"column":null}}},"fnMap":{"0":{"name":"Contacto","decl":{"start":{"line":1,"column":24},"end":{"line":1,"column":null}},"loc":{"start":{"line":1,"column":24},"end":{"line":3,"column":null}}}},"branchMap":{},"s":{"0":0},"f":{"0":0},"b":{}}
,"C:\\Users\\clebe\\OneDrive\\Imágenes\\pacre\\conecta-tehuacan\\apps\\frontend\\src\\app\\(public)\\empleos\\page.js": {"path":"C:\\Users\\clebe\\OneDrive\\Imágenes\\pacre\\conecta-tehuacan\\apps\\frontend\\src\\app\\(public)\\empleos\\page.js","statementMap":{"0":{"start":{"line":1,"column":24},"end":{"line":1,"column":null}}},"fnMap":{"0":{"name":"Empleos","decl":{"start":{"line":1,"column":24},"end":{"line":1,"column":null}},"loc":{"start":{"line":1,"column":24},"end":{"line":3,"column":null}}}},"branchMap":{},"s":{"0":0},"f":{"0":0},"b":{}}
,"C:\\Users\\clebe\\OneDrive\\Imágenes\\pacre\\conecta-tehuacan\\apps\\frontend\\src\\app\\(public)\\empleos\\categoria\\page.js": {"path":"C:\\Users\\clebe\\OneDrive\\Imágenes\\pacre\\conecta-tehuacan\\apps\\frontend\\src\\app\\(public)\\empleos\\categoria\\page.js","statementMap":{"0":{"start":{"line":1,"column":24},"end":{"line":1,"column":null}}},"fnMap":{"0":{"name":"Categoria","decl":{"start":{"line":1,"column":24},"end":{"line":1,"column":null}},"loc":{"start":{"line":1,"column":24},"end":{"line":3,"column":null}}}},"branchMap":{},"s":{"0":0},"f":{"0":0},"b":{}}
,"C:\\Users\\clebe\\OneDrive\\Imágenes\\pacre\\conecta-tehuacan\\apps\\frontend\\src\\app\\(public)\\nosotros\\page.js": {"path":"C:\\Users\\clebe\\OneDrive\\Imágenes\\pacre\\conecta-tehuacan\\apps\\frontend\\src\\app\\(public)\\nosotros\\page.js","statementMap":{"0":{"start":{"line":1,"column":24},"end":{"line":1,"column":null}}},"fnMap":{"0":{"name":"Nosotros","decl":{"start":{"line":1,"column":24},"end":{"line":1,"column":null}},"loc":{"start":{"line":1,"column":24},"end":{"line":3,"column":null}}}},"branchMap":{},"s":{"0":0},"f":{"0":0},"b":{}}
,"C:\\Users\\clebe\\OneDrive\\Imágenes\\pacre\\conecta-tehuacan\\apps\\frontend\\src\\app\\dashboard\\page.js": {"path":"C:\\Users\\clebe\\OneDrive\\Imágenes\\pacre\\conecta-tehuacan\\apps\\frontend\\src\\app\\dashboard\\page.js","statementMap":{"0":{"start":{"line":8,"column":24},"end":{"line":8,"column":null}},"1":{"start":{"line":3,"column":25},"end":{"line":3,"column":null}},"2":{"start":{"line":4,"column":24},"end":{"line":4,"column":null}},"3":{"start":{"line":5,"column":29},"end":{"line":5,"column":null}},"4":{"start":{"line":6,"column":19},"end":{"line":6,"column":null}},"5":{"start":{"line":9,"column":19},"end":{"line":9,"column":null}},"6":{"start":{"line":10,"column":36},"end":{"line":10,"column":null}},"7":{"start":{"line":12,"column":2},"end":{"line":14,"column":null}},"8":{"start":{"line":13,"column":4},"end":{"line":13,"column":null}},"9":{"start":{"line":16,"column":24},"end":{"line":27,"column":null}},"10":{"start":{"line":17,"column":4},"end":{"line":26,"column":null}}},"fnMap":{"0":{"name":"Dashboard","decl":{"start":{"line":8,"column":24},"end":{"line":8,"column":null}},"loc":{"start":{"line":8,"column":24},"end":{"line":37,"column":null}}},"1":{"name":"(anonymous_3)","decl":{"start":{"line":16,"column":24},"end":{"line":16,"column":null}},"loc":{"start":{"line":16,"column":24},"end":{"line":27,"column":null}}}},"branchMap":{"0":{"loc":{"start":{"line":12,"column":2},"end":{"line":14,"column":null}},"type":"if","locations":[{"start":{"line":12,"column":2},"end":{"line":14,"column":null}}]}},"s":{"0":0,"1":0,"2":0,"3":0,"4":0,"5":0,"6":0,"7":0,"8":0,"9":0,"10":0},"f":{"0":0,"1":0},"b":{"0":[0]}}
,"C:\\Users\\clebe\\OneDrive\\Imágenes\\pacre\\conecta-tehuacan\\apps\\frontend\\src\\app\\recruiter\\page.js": {"path":"C:\\Users\\clebe\\OneDrive\\Imágenes\\pacre\\conecta-tehuacan\\apps\\frontend\\src\\app\\recruiter\\page.js","statementMap":{"0":{"start":{"line":8,"column":24},"end":{"line":8,"column":null}},"1":{"start":{"line":3,"column":25},"end":{"line":3,"column":null}},"2":{"start":{"line":4,"column":24},"end":{"line":4,"column":null}},"3":{"start":{"line":5,"column":29},"end":{"line":5,"column":null}},"4":{"start":{"line":6,"column":19},"end":{"line":6,"column":null}},"5":{"start":{"line":9,"column":19},"end":{"line":9,"column":null}},"6":{"start":{"line":10,"column":36},"end":{"line":10,"column":null}},"7":{"start":{"line":12,"column":2},"end":{"line":14,"column":null}},"8":{"start":{"line":13,"column":4},"end":{"line":13,"column":null}},"9":{"start":{"line":16,"column":24},"end":{"line":36,"column":null}},"10":{"start":{"line":17,"column":4},"end":{"line":35,"column":null}}},"fnMap":{"0":{"name":"Recruiter","decl":{"start":{"line":8,"column":24},"end":{"line":8,"column":null}},"loc":{"start":{"line":8,"column":24},"end":{"line":46,"column":null}}},"1":{"name":"(anonymous_3)","decl":{"start":{"line":16,"column":24},"end":{"line":16,"column":null}},"loc":{"start":{"line":16,"column":24},"end":{"line":36,"column":null}}}},"branchMap":{"0":{"loc":{"start":{"line":12,"column":2},"end":{"line":14,"column":null}},"type":"if","locations":[{"start":{"line":12,"column":2},"end":{"line":14,"column":null}}]}},"s":{"0":0,"1":0,"2":0,"3":0,"4":0,"5":0,"6":0,"7":0,"8":0,"9":0,"10":0},"f":{"0":0,"1":0},"b":{"0":[0]}}
,"C:\\Users\\clebe\\OneDrive\\Imágenes\\pacre\\conecta-tehuacan\\apps\\frontend\\src\\app\\test-error\\error.js": {"path":"C:\\Users\\clebe\\OneDrive\\Imágenes\\pacre\\conecta-tehuacan\\apps\\frontend\\src\\app\\test-error\\error.js","statementMap":{"0":{"start":{"line":5,"column":24},"end":{"line":5,"column":30}},"1":{"start":{"line":3,"column":19},"end":{"line":3,"column":null}}},"fnMap":{"0":{"name":"Error","decl":{"start":{"line":5,"column":24},"end":{"line":5,"column":30}},"loc":{"start":{"line":5,"column":46},"end":{"line":20,"column":null}}}},"branchMap":{},"s":{"0":0,"1":0},"f":{"0":0},"b":{}}
,"C:\\Users\\clebe\\OneDrive\\Imágenes\\pacre\\conecta-tehuacan\\apps\\frontend\\src\\app\\test-error\\page.js": {"path":"C:\\Users\\clebe\\OneDrive\\Imágenes\\pacre\\conecta-tehuacan\\apps\\frontend\\src\\app\\test-error\\page.js","statementMap":{"0":{"start":{"line":5,"column":24},"end":{"line":5,"column":null}},"1":{"start":{"line":3,"column":25},"end":{"line":3,"column":null}},"2":{"start":{"line":6,"column":28},"end":{"line":6,"column":null}},"3":{"start":{"line":8,"column":2},"end":{"line":10,"column":null}},"4":{"start":{"line":9,"column":4},"end":{"line":9,"column":null}},"5":{"start":{"line":16,"column":29},"end":{"line":16,"column":45}}},"fnMap":{"0":{"name":"TestError","decl":{"start":{"line":5,"column":24},"end":{"line":5,"column":null}},"loc":{"start":{"line":5,"column":24},"end":{"line":21,"column":null}}},"1":{"name":"(anonymous_2)","decl":{"start":{"line":16,"column":23},"end":{"line":16,"column":29}},"loc":{"start":{"line":16,"column":29},"end":{"line":16,"column":45}}}},"branchMap":{"0":{"loc":{"start":{"line":8,"column":2},"end":{"line":10,"column":null}},"type":"if","locations":[{"start":{"line":8,"column":2},"end":{"line":10,"column":null}}]}},"s":{"0":0,"1":0,"2":0,"3":0,"4":0,"5":0},"f":{"0":0,"1":0},"b":{"0":[0]}}
,"C:\\Users\\clebe\\OneDrive\\Imágenes\\pacre\\conecta-tehuacan\\apps\\frontend\\src\\components\\index.js": {"path":"C:\\Users\\clebe\\OneDrive\\Imágenes\\pacre\\conecta-tehuacan\\apps\\frontend\\src\\components\\index.js","statementMap":{"0":{"start":{"line":1,"column":14},"end":{"line":1,"column":null}}},"fnMap":{},"branchMap":{},"s":{"0":0},"f":{},"b":{}}
,"C:\\Users\\clebe\\OneDrive\\Imágenes\\pacre\\conecta-tehuacan\\apps\\frontend\\src\\components\\layout\\AuthenticatedNavbar.jsx": {"path":"C:\\Users\\clebe\\OneDrive\\Imágenes\\pacre\\conecta-tehuacan\\apps\\frontend\\src\\components\\layout\\AuthenticatedNavbar.jsx","statementMap":{"0":{"start":{"line":9,"column":24},"end":{"line":9,"column":null}},"1":{"start":{"line":3,"column":44},"end":{"line":3,"column":null}},"2":{"start":{"line":4,"column":17},"end":{"line":4,"column":null}},"3":{"start":{"line":5,"column":24},"end":{"line":5,"column":null}},"4":{"start":{"line":6,"column":26},"end":{"line":6,"column":null}},"5":{"start":{"line":7,"column":19},"end":{"line":7,"column":null}},"6":{"start":{"line":10,"column":22},"end":{"line":10,"column":null}},"7":{"start":{"line":11,"column":17},"end":{"line":11,"column":null}},"8":{"start":{"line":12,"column":40},"end":{"line":12,"column":null}},"9":{"start":{"line":13,"column":40},"end":{"line":13,"column":null}},"10":{"start":{"line":14,"column":19},"end":{"line":14,"column":null}},"11":{"start":{"line":15,"column":25},"end":{"line":15,"column":null}},"12":{"start":{"line":17,"column":19},"end":{"line":22,"column":null}},"13":{"start":{"line":24,"column":23},"end":{"line":27,"column":null}},"14":{"start":{"line":25,"column":4},"end":{"line":25,"column":null}},"15":{"start":{"line":26,"column":4},"end":{"line":26,"column":null}},"16":{"start":{"line":29,"column":23},"end":{"line":34,"column":null}},"17":{"start":{"line":30,"column":4},"end":{"line":33,"column":null}},"18":{"start":{"line":32,"column":6},"end":{"line":32,"column":null}},"19":{"start":{"line":37,"column":2},"end":{"line":80,"column":null}},"20":{"start":{"line":38,"column":26},"end":{"line":76,"column":null}},"21":{"start":{"line":39,"column":29},"end":{"line":40,"column":null}},"22":{"start":{"line":40,"column":8},"end":{"line":40,"column":null}},"23":{"start":{"line":42,"column":27},"end":{"line":43,"column":null}},"24":{"start":{"line":43,"column":8},"end":{"line":43,"column":null}},"25":{"start":{"line":46,"column":6},"end":{"line":75,"column":null}},"26":{"start":{"line":49,"column":10},"end":{"line":49,"column":null}},"27":{"start":{"line":50,"column":28},"end":{"line":50,"column":70}},"28":{"start":{"line":51,"column":29},"end":{"line":51,"column":57}},"29":{"start":{"line":52,"column":32},"end":{"line":52,"column":null}},"30":{"start":{"line":52,"column":59},"end":{"line":52,"column":null}},"31":{"start":{"line":53,"column":10},"end":{"line":53,"column":null}},"32":{"start":{"line":54,"column":10},"end":{"line":54,"column":null}},"33":{"start":{"line":58,"column":10},"end":{"line":58,"column":null}},"34":{"start":{"line":59,"column":28},"end":{"line":59,"column":94}},"35":{"start":{"line":60,"column":29},"end":{"line":60,"column":57}},"36":{"start":{"line":61,"column":32},"end":{"line":61,"column":null}},"37":{"start":{"line":61,"column":59},"end":{"line":61,"column":null}},"38":{"start":{"line":62,"column":10},"end":{"line":62,"column":null}},"39":{"start":{"line":63,"column":10},"end":{"line":63,"column":null}},"40":{"start":{"line":66,"column":10},"end":{"line":73,"column":null}},"41":{"start":{"line":67,"column":12},"end":{"line":67,"column":null}},"42":{"start":{"line":68,"column":12},"end":{"line":68,"column":null}},"43":{"start":{"line":68,"column":54},"end":{"line":68,"column":86}},"44":{"start":{"line":69,"column":17},"end":{"line":73,"column":null}},"45":{"start":{"line":70,"column":12},"end":{"line":70,"column":null}},"46":{"start":{"line":71,"column":31},"end":{"line":71,"column":75}},"47":{"start":{"line":72,"column":12},"end":{"line":72,"column":null}},"48":{"start":{"line":72,"column":54},"end":{"line":72,"column":null}},"49":{"start":{"line":74,"column":10},"end":{"line":74,"column":null}},"50":{"start":{"line":78,"column":4},"end":{"line":78,"column":null}},"51":{"start":{"line":79,"column":4},"end":{"line":79,"column":null}},"52":{"start":{"line":79,"column":17},"end":{"line":79,"column":null}},"53":{"start":{"line":83,"column":2},"end":{"line":87,"column":null}},"54":{"start":{"line":84,"column":4},"end":{"line":86,"column":null}},"55":{"start":{"line":85,"column":6},"end":{"line":85,"column":null}},"56":{"start":{"line":90,"column":2},"end":{"line":92,"column":null}},"57":{"start":{"line":91,"column":4},"end":{"line":91,"column":null}},"58":{"start":{"line":104,"column":21},"end":{"line":104,"column":null}},"59":{"start":{"line":106,"column":25},"end":{"line":106,"column":null}},"60":{"start":{"line":107,"column":25},"end":{"line":107,"column":null}},"61":{"start":{"line":117,"column":14},"end":{"line":117,"column":null}},"62":{"start":{"line":118,"column":14},"end":{"line":118,"column":null}},"63":{"start":{"line":123,"column":29},"end":{"line":123,"column":null}},"64":{"start":{"line":125,"column":27},"end":{"line":125,"column":null}},"65":{"start":{"line":135,"column":21},"end":{"line":135,"column":null}},"66":{"start":{"line":137,"column":25},"end":{"line":137,"column":null}},"67":{"start":{"line":138,"column":25},"end":{"line":138,"column":null}},"68":{"start":{"line":147,"column":23},"end":{"line":147,"column":null}},"69":{"start":{"line":149,"column":27},"end":{"line":149,"column":null}},"70":{"start":{"line":150,"column":27},"end":{"line":150,"column":null}}},"fnMap":{"0":{"name":"AuthenticatedNavbar","decl":{"start":{"line":9,"column":24},"end":{"line":9,"column":null}},"loc":{"start":{"line":9,"column":24},"end":{"line":171,"column":null}}},"1":{"name":"(anonymous_3)","decl":{"start":{"line":24,"column":23},"end":{"line":24,"column":null}},"loc":{"start":{"line":24,"column":23},"end":{"line":27,"column":null}}},"2":{"name":"(anonymous_4)","decl":{"start":{"line":29,"column":23},"end":{"line":29,"column":24}},"loc":{"start":{"line":29,"column":24},"end":{"line":34,"column":null}}},"3":{"name":"(anonymous_5)","decl":{"start":{"line":37,"column":12},"end":{"line":37,"column":null}},"loc":{"start":{"line":37,"column":12},"end":{"line":80,"column":5}}},"4":{"name":"(anonymous_6)","decl":{"start":{"line":38,"column":26},"end":{"line":38,"column":27}},"loc":{"start":{"line":38,"column":27},"end":{"line":76,"column":null}}},"5":{"name":"(anonymous_7)","decl":{"start":{"line":39,"column":45},"end":{"line":39,"column":null}},"loc":{"start":{"line":40,"column":8},"end":{"line":40,"column":null}}},"6":{"name":"(anonymous_8)","decl":{"start":{"line":42,"column":52},"end":{"line":42,"column":null}},"loc":{"start":{"line":43,"column":8},"end":{"line":43,"column":null}}},"7":{"name":"(anonymous_9)","decl":{"start":{"line":52,"column":51},"end":{"line":52,"column":59}},"loc":{"start":{"line":52,"column":59},"end":{"line":52,"column":null}}},"8":{"name":"(anonymous_10)","decl":{"start":{"line":61,"column":51},"end":{"line":61,"column":59}},"loc":{"start":{"line":61,"column":59},"end":{"line":61,"column":null}}},"9":{"name":"(anonymous_11)","decl":{"start":{"line":68,"column":46},"end":{"line":68,"column":54}},"loc":{"start":{"line":68,"column":54},"end":{"line":68,"column":86}}},"10":{"name":"(anonymous_12)","decl":{"start":{"line":72,"column":46},"end":{"line":72,"column":54}},"loc":{"start":{"line":72,"column":54},"end":{"line":72,"column":null}}},"11":{"name":"(anonymous_13)","decl":{"start":{"line":79,"column":11},"end":{"line":79,"column":17}},"loc":{"start":{"line":79,"column":17},"end":{"line":79,"column":null}}},"12":{"name":"(anonymous_14)","decl":{"start":{"line":83,"column":12},"end":{"line":83,"column":null}},"loc":{"start":{"line":83,"column":12},"end":{"line":87,"column":5}}},"13":{"name":"(anonymous_15)","decl":{"start":{"line":90,"column":12},"end":{"line":90,"column":null}},"loc":{"start":{"line":90,"column":12},"end":{"line":92,"column":5}}},"14":{"name":"(anonymous_16)","decl":{"start":{"line":104,"column":15},"end":{"line":104,"column":21}},"loc":{"start":{"line":104,"column":21},"end":{"line":104,"column":null}}},"15":{"name":"(anonymous_17)","decl":{"start":{"line":106,"column":19},"end":{"line":106,"column":25}},"loc":{"start":{"line":106,"column":25},"end":{"line":106,"column":null}}},"16":{"name":"(anonymous_18)","decl":{"start":{"line":107,"column":19},"end":{"line":107,"column":25}},"loc":{"start":{"line":107,"column":25},"end":{"line":107,"column":null}}},"17":{"name":"(anonymous_19)","decl":{"start":{"line":116,"column":17},"end":{"line":116,"column":null}},"loc":{"start":{"line":116,"column":17},"end":{"line":119,"column":null}}},"18":{"name":"(anonymous_20)","decl":{"start":{"line":123,"column":22},"end":{"line":123,"column":23}},"loc":{"start":{"line":123,"column":29},"end":{"line":123,"column":null}}},"19":{"name":"(anonymous_21)","decl":{"start":{"line":125,"column":21},"end":{"line":125,"column":27}},"loc":{"start":{"line":125,"column":27},"end":{"line":125,"column":null}}},"20":{"name":"(anonymous_22)","decl":{"start":{"line":135,"column":15},"end":{"line":135,"column":21}},"loc":{"start":{"line":135,"column":21},"end":{"line":135,"column":null}}},"21":{"name":"(anonymous_23)","decl":{"start":{"line":137,"column":19},"end":{"line":137,"column":25}},"loc":{"start":{"line":137,"column":25},"end":{"line":137,"column":null}}},"22":{"name":"(anonymous_24)","decl":{"start":{"line":138,"column":19},"end":{"line":138,"column":25}},"loc":{"start":{"line":138,"column":25},"end":{"line":138,"column":null}}},"23":{"name":"(anonymous_25)","decl":{"start":{"line":147,"column":17},"end":{"line":147,"column":23}},"loc":{"start":{"line":147,"column":23},"end":{"line":147,"column":null}}},"24":{"name":"(anonymous_26)","decl":{"start":{"line":149,"column":21},"end":{"line":149,"column":27}},"loc":{"start":{"line":149,"column":27},"end":{"line":149,"column":null}}},"25":{"name":"(anonymous_27)","decl":{"start":{"line":150,"column":21},"end":{"line":150,"column":27}},"loc":{"start":{"line":150,"column":27},"end":{"line":150,"column":null}}}},"branchMap":{"0":{"loc":{"start":{"line":30,"column":4},"end":{"line":33,"column":null}},"type":"if","locations":[{"start":{"line":30,"column":4},"end":{"line":33,"column":null}}]},"1":{"loc":{"start":{"line":30,"column":8},"end":{"line":30,"column":49}},"type":"binary-expr","locations":[{"start":{"line":30,"column":8},"end":{"line":30,"column":29}},{"start":{"line":30,"column":29},"end":{"line":30,"column":49}}]},"2":{"loc":{"start":{"line":40,"column":8},"end":{"line":40,"column":null}},"type":"binary-expr","locations":[{"start":{"line":40,"column":8},"end":{"line":40,"column":32}},{"start":{"line":40,"column":32},"end":{"line":40,"column":58}},{"start":{"line":40,"column":58},"end":{"line":40,"column":null}}]},"3":{"loc":{"start":{"line":46,"column":6},"end":{"line":75,"column":null}},"type":"switch","locations":[{"start":{"line":47,"column":8},"end":{"line":47,"column":null}},{"start":{"line":48,"column":8},"end":{"line":54,"column":null}},{"start":{"line":56,"column":8},"end":{"line":56,"column":null}},{"start":{"line":57,"column":8},"end":{"line":63,"column":null}},{"start":{"line":65,"column":8},"end":{"line":74,"column":null}}]},"4":{"loc":{"start":{"line":66,"column":10},"end":{"line":73,"column":null}},"type":"if","locations":[{"start":{"line":66,"column":10},"end":{"line":73,"column":null}},{"start":{"line":69,"column":17},"end":{"line":73,"column":null}}]},"5":{"loc":{"start":{"line":66,"column":14},"end":{"line":66,"column":71}},"type":"binary-expr","locations":[{"start":{"line":66,"column":14},"end":{"line":66,"column":60}},{"start":{"line":66,"column":60},"end":{"line":66,"column":71}}]},"6":{"loc":{"start":{"line":69,"column":17},"end":{"line":73,"column":null}},"type":"if","locations":[{"start":{"line":69,"column":17},"end":{"line":73,"column":null}}]},"7":{"loc":{"start":{"line":69,"column":21},"end":{"line":69,"column":53}},"type":"binary-expr","locations":[{"start":{"line":69,"column":21},"end":{"line":69,"column":43}},{"start":{"line":69,"column":43},"end":{"line":69,"column":53}}]},"8":{"loc":{"start":{"line":84,"column":4},"end":{"line":86,"column":null}},"type":"if","locations":[{"start":{"line":84,"column":4},"end":{"line":86,"column":null}}]},"9":{"loc":{"start":{"line":84,"column":8},"end":{"line":84,"column":57}},"type":"binary-expr","locations":[{"start":{"line":84,"column":8},"end":{"line":84,"column":28}},{"start":{"line":84,"column":28},"end":{"line":84,"column":57}}]},"10":{"loc":{"start":{"line":105,"column":39},"end":{"line":105,"column":78}},"type":"cond-expr","locations":[{"start":{"line":105,"column":59},"end":{"line":105,"column":72}},{"start":{"line":105,"column":75},"end":{"line":105,"column":78}}]},"11":{"loc":{"start":{"line":126,"column":48},"end":{"line":126,"column":87}},"type":"cond-expr","locations":[{"start":{"line":126,"column":68},"end":{"line":126,"column":81}},{"start":{"line":126,"column":84},"end":{"line":126,"column":87}}]},"12":{"loc":{"start":{"line":136,"column":42},"end":{"line":136,"column":81}},"type":"cond-expr","locations":[{"start":{"line":136,"column":62},"end":{"line":136,"column":75}},{"start":{"line":136,"column":78},"end":{"line":136,"column":81}}]},"13":{"loc":{"start":{"line":148,"column":49},"end":{"line":148,"column":88}},"type":"cond-expr","locations":[{"start":{"line":148,"column":69},"end":{"line":148,"column":82}},{"start":{"line":148,"column":85},"end":{"line":148,"column":88}}]}},"s":{"0":0,"1":0,"2":0,"3":0,"4":0,"5":0,"6":0,"7":0,"8":0,"9":0,"10":0,"11":0,"12":0,"13":0,"14":0,"15":0,"16":0,"17":0,"18":0,"19":0,"20":0,"21":0,"22":0,"23":0,"24":0,"25":0,"26":0,"27":0,"28":0,"29":0,"30":0,"31":0,"32":0,"33":0,"34":0,"35":0,"36":0,"37":0,"38":0,"39":0,"40":0,"41":0,"42":0,"43":0,"44":0,"45":0,"46":0,"47":0,"48":0,"49":0,"50":0,"51":0,"52":0,"53":0,"54":0,"55":0,"56":0,"57":0,"58":0,"59":0,"60":0,"61":0,"62":0,"63":0,"64":0,"65":0,"66":0,"67":0,"68":0,"69":0,"70":0},"f":{"0":0,"1":0,"2":0,"3":0,"4":0,"5":0,"6":0,"7":0,"8":0,"9":0,"10":0,"11":0,"12":0,"13":0,"14":0,"15":0,"16":0,"17":0,"18":0,"19":0,"20":0,"21":0,"22":0,"23":0,"24":0,"25":0},"b":{"0":[0],"1":[0,0],"2":[0,0,0],"3":[0,0,0,0,0],"4":[0,0],"5":[0,0],"6":[0],"7":[0,0],"8":[0],"9":[0,0],"10":[0,0],"11":[0,0],"12":[0,0],"13":[0,0]}}
,"C:\\Users\\clebe\\OneDrive\\Imágenes\\pacre\\conecta-tehuacan\\apps\\frontend\\src\\components\\layout\\CandidateNavbar.jsx": {"path":"C:\\Users\\clebe\\OneDrive\\Imágenes\\pacre\\conecta-tehuacan\\apps\\frontend\\src\\components\\layout\\CandidateNavbar.jsx","statementMap":{"0":{"start":{"line":8,"column":24},"end":{"line":8,"column":null}},"1":{"start":{"line":3,"column":44},"end":{"line":3,"column":null}},"2":{"start":{"line":4,"column":17},"end":{"line":4,"column":null}},"3":{"start":{"line":5,"column":24},"end":{"line":5,"column":null}},"4":{"start":{"line":6,"column":19},"end":{"line":6,"column":null}},"5":{"start":{"line":9,"column":33},"end":{"line":9,"column":null}},"6":{"start":{"line":10,"column":40},"end":{"line":10,"column":null}},"7":{"start":{"line":11,"column":17},"end":{"line":11,"column":null}},"8":{"start":{"line":12,"column":19},"end":{"line":12,"column":null}},"9":{"start":{"line":14,"column":2},"end":{"line":16,"column":null}},"10":{"start":{"line":15,"column":4},"end":{"line":15,"column":null}},"11":{"start":{"line":18,"column":2},"end":{"line":47,"column":null}},"12":{"start":{"line":19,"column":26},"end":{"line":43,"column":null}},"13":{"start":{"line":20,"column":21},"end":{"line":20,"column":null}},"14":{"start":{"line":22,"column":6},"end":{"line":40,"column":null}},"15":{"start":{"line":24,"column":10},"end":{"line":24,"column":null}},"16":{"start":{"line":25,"column":10},"end":{"line":25,"column":null}},"17":{"start":{"line":26,"column":10},"end":{"line":26,"column":null}},"18":{"start":{"line":28,"column":10},"end":{"line":28,"column":null}},"19":{"start":{"line":29,"column":10},"end":{"line":29,"column":null}},"20":{"start":{"line":30,"column":10},"end":{"line":30,"column":null}},"21":{"start":{"line":32,"column":10},"end":{"line":38,"column":null}},"22":{"start":{"line":33,"column":12},"end":{"line":33,"column":null}},"23":{"start":{"line":34,"column":12},"end":{"line":34,"column":null}},"24":{"start":{"line":35,"column":17},"end":{"line":38,"column":null}},"25":{"start":{"line":36,"column":12},"end":{"line":36,"column":null}},"26":{"start":{"line":37,"column":12},"end":{"line":37,"column":null}},"27":{"start":{"line":39,"column":10},"end":{"line":39,"column":null}},"28":{"start":{"line":42,"column":6},"end":{"line":42,"column":null}},"29":{"start":{"line":45,"column":4},"end":{"line":45,"column":null}},"30":{"start":{"line":46,"column":4},"end":{"line":46,"column":null}},"31":{"start":{"line":46,"column":17},"end":{"line":46,"column":null}},"32":{"start":{"line":49,"column":2},"end":{"line":53,"column":null}},"33":{"start":{"line":50,"column":4},"end":{"line":52,"column":null}},"34":{"start":{"line":51,"column":6},"end":{"line":51,"column":null}},"35":{"start":{"line":68,"column":23},"end":{"line":68,"column":null}},"36":{"start":{"line":70,"column":27},"end":{"line":70,"column":null}},"37":{"start":{"line":82,"column":23},"end":{"line":82,"column":null}},"38":{"start":{"line":84,"column":27},"end":{"line":84,"column":null}},"39":{"start":{"line":96,"column":23},"end":{"line":96,"column":null}},"40":{"start":{"line":98,"column":27},"end":{"line":98,"column":null}},"41":{"start":{"line":106,"column":21},"end":{"line":106,"column":null}},"42":{"start":{"line":108,"column":25},"end":{"line":108,"column":null}},"43":{"start":{"line":116,"column":21},"end":{"line":116,"column":null}},"44":{"start":{"line":118,"column":25},"end":{"line":118,"column":null}},"45":{"start":{"line":127,"column":23},"end":{"line":127,"column":null}},"46":{"start":{"line":129,"column":27},"end":{"line":129,"column":null}}},"fnMap":{"0":{"name":"CandidateNavbar","decl":{"start":{"line":8,"column":24},"end":{"line":8,"column":null}},"loc":{"start":{"line":8,"column":24},"end":{"line":138,"column":null}}},"1":{"name":"(anonymous_3)","decl":{"start":{"line":14,"column":12},"end":{"line":14,"column":null}},"loc":{"start":{"line":14,"column":12},"end":{"line":16,"column":5}}},"2":{"name":"(anonymous_4)","decl":{"start":{"line":18,"column":12},"end":{"line":18,"column":null}},"loc":{"start":{"line":18,"column":12},"end":{"line":47,"column":5}}},"3":{"name":"(anonymous_5)","decl":{"start":{"line":19,"column":26},"end":{"line":19,"column":27}},"loc":{"start":{"line":19,"column":27},"end":{"line":43,"column":null}}},"4":{"name":"(anonymous_6)","decl":{"start":{"line":46,"column":11},"end":{"line":46,"column":17}},"loc":{"start":{"line":46,"column":17},"end":{"line":46,"column":null}}},"5":{"name":"(anonymous_7)","decl":{"start":{"line":49,"column":12},"end":{"line":49,"column":null}},"loc":{"start":{"line":49,"column":12},"end":{"line":53,"column":5}}},"6":{"name":"(anonymous_8)","decl":{"start":{"line":68,"column":17},"end":{"line":68,"column":23}},"loc":{"start":{"line":68,"column":23},"end":{"line":68,"column":null}}},"7":{"name":"(anonymous_9)","decl":{"start":{"line":70,"column":21},"end":{"line":70,"column":27}},"loc":{"start":{"line":70,"column":27},"end":{"line":70,"column":null}}},"8":{"name":"(anonymous_10)","decl":{"start":{"line":82,"column":17},"end":{"line":82,"column":23}},"loc":{"start":{"line":82,"column":23},"end":{"line":82,"column":null}}},"9":{"name":"(anonymous_11)","decl":{"start":{"line":84,"column":21},"end":{"line":84,"column":27}},"loc":{"start":{"line":84,"column":27},"end":{"line":84,"column":null}}},"10":{"name":"(anonymous_12)","decl":{"start":{"line":96,"column":17},"end":{"line":96,"column":23}},"loc":{"start":{"line":96,"column":23},"end":{"line":96,"column":null}}},"11":{"name":"(anonymous_13)","decl":{"start":{"line":98,"column":21},"end":{"line":98,"column":27}},"loc":{"start":{"line":98,"column":27},"end":{"line":98,"column":null}}},"12":{"name":"(anonymous_14)","decl":{"start":{"line":106,"column":15},"end":{"line":106,"column":21}},"loc":{"start":{"line":106,"column":21},"end":{"line":106,"column":null}}},"13":{"name":"(anonymous_15)","decl":{"start":{"line":108,"column":19},"end":{"line":108,"column":25}},"loc":{"start":{"line":108,"column":25},"end":{"line":108,"column":null}}},"14":{"name":"(anonymous_16)","decl":{"start":{"line":116,"column":15},"end":{"line":116,"column":21}},"loc":{"start":{"line":116,"column":21},"end":{"line":116,"column":null}}},"15":{"name":"(anonymous_17)","decl":{"start":{"line":118,"column":19},"end":{"line":118,"column":25}},"loc":{"start":{"line":118,"column":25},"end":{"line":118,"column":null}}},"16":{"name":"(anonymous_18)","decl":{"start":{"line":127,"column":17},"end":{"line":127,"column":23}},"loc":{"start":{"line":127,"column":23},"end":{"line":127,"column":null}}},"17":{"name":"(anonymous_19)","decl":{"start":{"line":129,"column":21},"end":{"line":129,"column":27}},"loc":{"start":{"line":129,"column":27},"end":{"line":129,"column":null}}}},"branchMap":{"0":{"loc":{"start":{"line":22,"column":6},"end":{"line":40,"column":null}},"type":"switch","locations":[{"start":{"line":23,"column":8},"end":{"line":26,"column":null}},{"start":{"line":27,"column":8},"end":{"line":30,"column":null}},{"start":{"line":31,"column":8},"end":{"line":39,"column":null}}]},"1":{"loc":{"start":{"line":32,"column":10},"end":{"line":38,"column":null}},"type":"if","locations":[{"start":{"line":32,"column":10},"end":{"line":38,"column":null}},{"start":{"line":35,"column":17},"end":{"line":38,"column":null}}]},"2":{"loc":{"start":{"line":32,"column":14},"end":{"line":32,"column":46}},"type":"binary-expr","locations":[{"start":{"line":32,"column":14},"end":{"line":32,"column":35}},{"start":{"line":32,"column":35},"end":{"line":32,"column":46}}]},"3":{"loc":{"start":{"line":35,"column":17},"end":{"line":38,"column":null}},"type":"if","locations":[{"start":{"line":35,"column":17},"end":{"line":38,"column":null}}]},"4":{"loc":{"start":{"line":35,"column":21},"end":{"line":35,"column":52}},"type":"binary-expr","locations":[{"start":{"line":35,"column":21},"end":{"line":35,"column":42}},{"start":{"line":35,"column":42},"end":{"line":35,"column":52}}]},"5":{"loc":{"start":{"line":50,"column":4},"end":{"line":52,"column":null}},"type":"if","locations":[{"start":{"line":50,"column":4},"end":{"line":52,"column":null}}]},"6":{"loc":{"start":{"line":50,"column":8},"end":{"line":50,"column":57}},"type":"binary-expr","locations":[{"start":{"line":50,"column":8},"end":{"line":50,"column":28}},{"start":{"line":50,"column":28},"end":{"line":50,"column":57}}]}},"s":{"0":0,"1":0,"2":0,"3":0,"4":0,"5":0,"6":0,"7":0,"8":0,"9":0,"10":0,"11":0,"12":0,"13":0,"14":0,"15":0,"16":0,"17":0,"18":0,"19":0,"20":0,"21":0,"22":0,"23":0,"24":0,"25":0,"26":0,"27":0,"28":0,"29":0,"30":0,"31":0,"32":0,"33":0,"34":0,"35":0,"36":0,"37":0,"38":0,"39":0,"40":0,"41":0,"42":0,"43":0,"44":0,"45":0,"46":0},"f":{"0":0,"1":0,"2":0,"3":0,"4":0,"5":0,"6":0,"7":0,"8":0,"9":0,"10":0,"11":0,"12":0,"13":0,"14":0,"15":0,"16":0,"17":0},"b":{"0":[0,0,0],"1":[0,0],"2":[0,0],"3":[0],"4":[0,0],"5":[0],"6":[0,0]}}
,"C:\\Users\\clebe\\OneDrive\\Imágenes\\pacre\\conecta-tehuacan\\apps\\frontend\\src\\components\\layout\\CandidateSidebar.jsx": {"path":"C:\\Users\\clebe\\OneDrive\\Imágenes\\pacre\\conecta-tehuacan\\apps\\frontend\\src\\components\\layout\\CandidateSidebar.jsx","statementMap":{"0":{"start":{"line":7,"column":24},"end":{"line":7,"column":41}},"1":{"start":{"line":3,"column":44},"end":{"line":3,"column":null}},"2":{"start":{"line":4,"column":24},"end":{"line":4,"column":null}},"3":{"start":{"line":5,"column":19},"end":{"line":5,"column":null}},"4":{"start":{"line":8,"column":36},"end":{"line":8,"column":null}},"5":{"start":{"line":9,"column":36},"end":{"line":9,"column":null}},"6":{"start":{"line":10,"column":42},"end":{"line":10,"column":null}},"7":{"start":{"line":11,"column":19},"end":{"line":11,"column":null}},"8":{"start":{"line":13,"column":15},"end":{"line":17,"column":null}},"9":{"start":{"line":19,"column":2},"end":{"line":21,"column":null}},"10":{"start":{"line":20,"column":4},"end":{"line":20,"column":null}},"11":{"start":{"line":23,"column":2},"end":{"line":63,"column":null}},"12":{"start":{"line":24,"column":26},"end":{"line":59,"column":null}},"13":{"start":{"line":25,"column":21},"end":{"line":25,"column":null}},"14":{"start":{"line":27,"column":6},"end":{"line":56,"column":null}},"15":{"start":{"line":29,"column":10},"end":{"line":29,"column":null}},"16":{"start":{"line":30,"column":10},"end":{"line":30,"column":null}},"17":{"start":{"line":31,"column":10},"end":{"line":31,"column":null}},"18":{"start":{"line":33,"column":10},"end":{"line":33,"column":null}},"19":{"start":{"line":34,"column":10},"end":{"line":34,"column":null}},"20":{"start":{"line":35,"column":10},"end":{"line":35,"column":null}},"21":{"start":{"line":38,"column":10},"end":{"line":38,"column":null}},"22":{"start":{"line":39,"column":10},"end":{"line":45,"column":null}},"23":{"start":{"line":40,"column":12},"end":{"line":40,"column":null}},"24":{"start":{"line":42,"column":29},"end":{"line":42,"column":null}},"25":{"start":{"line":43,"column":12},"end":{"line":43,"column":null}},"26":{"start":{"line":44,"column":12},"end":{"line":44,"column":null}},"27":{"start":{"line":46,"column":10},"end":{"line":46,"column":null}},"28":{"start":{"line":48,"column":10},"end":{"line":54,"column":null}},"29":{"start":{"line":49,"column":12},"end":{"line":49,"column":null}},"30":{"start":{"line":50,"column":12},"end":{"line":50,"column":null}},"31":{"start":{"line":51,"column":17},"end":{"line":54,"column":null}},"32":{"start":{"line":52,"column":12},"end":{"line":52,"column":null}},"33":{"start":{"line":53,"column":12},"end":{"line":53,"column":null}},"34":{"start":{"line":55,"column":10},"end":{"line":55,"column":null}},"35":{"start":{"line":58,"column":6},"end":{"line":58,"column":null}},"36":{"start":{"line":61,"column":4},"end":{"line":61,"column":null}},"37":{"start":{"line":62,"column":4},"end":{"line":62,"column":null}},"38":{"start":{"line":62,"column":17},"end":{"line":62,"column":null}},"39":{"start":{"line":65,"column":2},"end":{"line":69,"column":null}},"40":{"start":{"line":66,"column":4},"end":{"line":68,"column":null}},"41":{"start":{"line":67,"column":6},"end":{"line":67,"column":null}},"42":{"start":{"line":78,"column":19},"end":{"line":78,"column":null}},"43":{"start":{"line":80,"column":23},"end":{"line":80,"column":null}},"44":{"start":{"line":86,"column":8},"end":{"line":87,"column":null}},"45":{"start":{"line":90,"column":12},"end":{"line":90,"column":null}},"46":{"start":{"line":91,"column":12},"end":{"line":91,"column":null}},"47":{"start":{"line":93,"column":21},"end":{"line":93,"column":null}},"48":{"start":{"line":95,"column":25},"end":{"line":95,"column":null}}},"fnMap":{"0":{"name":"CandidateSidebar","decl":{"start":{"line":7,"column":24},"end":{"line":7,"column":41}},"loc":{"start":{"line":7,"column":56},"end":{"line":109,"column":null}}},"1":{"name":"(anonymous_3)","decl":{"start":{"line":19,"column":12},"end":{"line":19,"column":null}},"loc":{"start":{"line":19,"column":12},"end":{"line":21,"column":5}}},"2":{"name":"(anonymous_4)","decl":{"start":{"line":23,"column":12},"end":{"line":23,"column":null}},"loc":{"start":{"line":23,"column":12},"end":{"line":63,"column":5}}},"3":{"name":"(anonymous_5)","decl":{"start":{"line":24,"column":26},"end":{"line":24,"column":27}},"loc":{"start":{"line":24,"column":27},"end":{"line":59,"column":null}}},"4":{"name":"(anonymous_6)","decl":{"start":{"line":62,"column":11},"end":{"line":62,"column":17}},"loc":{"start":{"line":62,"column":17},"end":{"line":62,"column":null}}},"5":{"name":"(anonymous_7)","decl":{"start":{"line":65,"column":12},"end":{"line":65,"column":null}},"loc":{"start":{"line":65,"column":12},"end":{"line":69,"column":5}}},"6":{"name":"(anonymous_8)","decl":{"start":{"line":78,"column":13},"end":{"line":78,"column":19}},"loc":{"start":{"line":78,"column":19},"end":{"line":78,"column":null}}},"7":{"name":"(anonymous_9)","decl":{"start":{"line":80,"column":17},"end":{"line":80,"column":23}},"loc":{"start":{"line":80,"column":23},"end":{"line":80,"column":null}}},"8":{"name":"(anonymous_10)","decl":{"start":{"line":85,"column":16},"end":{"line":85,"column":17}},"loc":{"start":{"line":86,"column":8},"end":{"line":87,"column":null}}},"9":{"name":"(anonymous_11)","decl":{"start":{"line":89,"column":19},"end":{"line":89,"column":null}},"loc":{"start":{"line":89,"column":19},"end":{"line":92,"column":null}}},"10":{"name":"(anonymous_12)","decl":{"start":{"line":93,"column":15},"end":{"line":93,"column":21}},"loc":{"start":{"line":93,"column":21},"end":{"line":93,"column":null}}},"11":{"name":"(anonymous_13)","decl":{"start":{"line":95,"column":19},"end":{"line":95,"column":25}},"loc":{"start":{"line":95,"column":25},"end":{"line":95,"column":null}}}},"branchMap":{"0":{"loc":{"start":{"line":27,"column":6},"end":{"line":56,"column":null}},"type":"switch","locations":[{"start":{"line":28,"column":8},"end":{"line":31,"column":null}},{"start":{"line":32,"column":8},"end":{"line":35,"column":null}},{"start":{"line":36,"column":8},"end":{"line":36,"column":null}},{"start":{"line":37,"column":8},"end":{"line":46,"column":null}},{"start":{"line":47,"column":8},"end":{"line":55,"column":null}}]},"1":{"loc":{"start":{"line":39,"column":10},"end":{"line":45,"column":null}},"type":"if","locations":[{"start":{"line":39,"column":10},"end":{"line":45,"column":null}},{"start":{"line":41,"column":17},"end":{"line":45,"column":null}}]},"2":{"loc":{"start":{"line":48,"column":10},"end":{"line":54,"column":null}},"type":"if","locations":[{"start":{"line":48,"column":10},"end":{"line":54,"column":null}},{"start":{"line":51,"column":17},"end":{"line":54,"column":null}}]},"3":{"loc":{"start":{"line":48,"column":14},"end":{"line":48,"column":57}},"type":"binary-expr","locations":[{"start":{"line":48,"column":14},"end":{"line":48,"column":42}},{"start":{"line":48,"column":46},"end":{"line":48,"column":57}}]},"4":{"loc":{"start":{"line":51,"column":17},"end":{"line":54,"column":null}},"type":"if","locations":[{"start":{"line":51,"column":17},"end":{"line":54,"column":null}}]},"5":{"loc":{"start":{"line":51,"column":21},"end":{"line":51,"column":53}},"type":"binary-expr","locations":[{"start":{"line":51,"column":21},"end":{"line":51,"column":43}},{"start":{"line":51,"column":43},"end":{"line":51,"column":53}}]},"6":{"loc":{"start":{"line":66,"column":4},"end":{"line":68,"column":null}},"type":"if","locations":[{"start":{"line":66,"column":4},"end":{"line":68,"column":null}}]},"7":{"loc":{"start":{"line":88,"column":38},"end":{"line":88,"column":82}},"type":"cond-expr","locations":[{"start":{"line":88,"column":63},"end":{"line":88,"column":76}},{"start":{"line":88,"column":79},"end":{"line":88,"column":82}}]},"8":{"loc":{"start":{"line":96,"column":24},"end":{"line":96,"column":null}},"type":"cond-expr","locations":[{"start":{"line":96,"column":49},"end":{"line":96,"column":58}},{"start":{"line":96,"column":58},"end":{"line":96,"column":null}}]}},"s":{"0":0,"1":0,"2":0,"3":0,"4":0,"5":0,"6":0,"7":0,"8":0,"9":0,"10":0,"11":0,"12":0,"13":0,"14":0,"15":0,"16":0,"17":0,"18":0,"19":0,"20":0,"21":0,"22":0,"23":0,"24":0,"25":0,"26":0,"27":0,"28":0,"29":0,"30":0,"31":0,"32":0,"33":0,"34":0,"35":0,"36":0,"37":0,"38":0,"39":0,"40":0,"41":0,"42":0,"43":0,"44":0,"45":0,"46":0,"47":0,"48":0},"f":{"0":0,"1":0,"2":0,"3":0,"4":0,"5":0,"6":0,"7":0,"8":0,"9":0,"10":0,"11":0},"b":{"0":[0,0,0,0,0],"1":[0,0],"2":[0,0],"3":[0,0],"4":[0],"5":[0,0],"6":[0],"7":[0,0],"8":[0,0]}}
,"C:\\Users\\clebe\\OneDrive\\Imágenes\\pacre\\conecta-tehuacan\\apps\\frontend\\src\\components\\layout\\ClientLayout.jsx": {"path":"C:\\Users\\clebe\\OneDrive\\Imágenes\\pacre\\conecta-tehuacan\\apps\\frontend\\src\\components\\layout\\ClientLayout.jsx","statementMap":{"0":{"start":{"line":8,"column":24},"end":{"line":8,"column":37}},"1":{"start":{"line":3,"column":29},"end":{"line":3,"column":null}},"2":{"start":{"line":4,"column":30},"end":{"line":4,"column":null}},"3":{"start":{"line":5,"column":24},"end":{"line":5,"column":null}},"4":{"start":{"line":6,"column":19},"end":{"line":6,"column":null}}},"fnMap":{"0":{"name":"ClientLayout","decl":{"start":{"line":8,"column":24},"end":{"line":8,"column":37}},"loc":{"start":{"line":8,"column":49},"end":{"line":17,"column":null}}}},"branchMap":{},"s":{"0":0,"1":0,"2":0,"3":0,"4":0},"f":{"0":0},"b":{}}
,"C:\\Users\\clebe\\OneDrive\\Imágenes\\pacre\\conecta-tehuacan\\apps\\frontend\\src\\components\\layout\\ConditionalNavbar.jsx": {"path":"C:\\Users\\clebe\\OneDrive\\Imágenes\\pacre\\conecta-tehuacan\\apps\\frontend\\src\\components\\layout\\ConditionalNavbar.jsx","statementMap":{"0":{"start":{"line":8,"column":24},"end":{"line":8,"column":null}},"1":{"start":{"line":3,"column":24},"end":{"line":3,"column":null}},"2":{"start":{"line":4,"column":19},"end":{"line":4,"column":null}},"3":{"start":{"line":5,"column":28},"end":{"line":5,"column":null}},"4":{"start":{"line":6,"column":28},"end":{"line":6,"column":null}},"5":{"start":{"line":9,"column":19},"end":{"line":9,"column":null}},"6":{"start":{"line":11,"column":2},"end":{"line":18,"column":null}},"7":{"start":{"line":13,"column":6},"end":{"line":13,"column":null}},"8":{"start":{"line":15,"column":6},"end":{"line":15,"column":null}},"9":{"start":{"line":17,"column":6},"end":{"line":17,"column":null}}},"fnMap":{"0":{"name":"ConditionalNavbar","decl":{"start":{"line":8,"column":24},"end":{"line":8,"column":null}},"loc":{"start":{"line":8,"column":24},"end":{"line":19,"column":null}}}},"branchMap":{"0":{"loc":{"start":{"line":11,"column":2},"end":{"line":18,"column":null}},"type":"switch","locations":[{"start":{"line":12,"column":4},"end":{"line":13,"column":null}},{"start":{"line":14,"column":4},"end":{"line":15,"column":null}},{"start":{"line":16,"column":4},"end":{"line":17,"column":null}}]}},"s":{"0":0,"1":0,"2":0,"3":0,"4":0,"5":0,"6":0,"7":0,"8":0,"9":0},"f":{"0":0},"b":{"0":[0,0,0]}}
,"C:\\Users\\clebe\\OneDrive\\Imágenes\\pacre\\conecta-tehuacan\\apps\\frontend\\src\\components\\layout\\MainContent.jsx": {"path":"C:\\Users\\clebe\\OneDrive\\Imágenes\\pacre\\conecta-tehuacan\\apps\\frontend\\src\\components\\layout\\MainContent.jsx","statementMap":{"0":{"start":{"line":5,"column":24},"end":{"line":5,"column":36}},"1":{"start":{"line":3,"column":24},"end":{"line":3,"column":null}},"2":{"start":{"line":6,"column":19},"end":{"line":6,"column":null}},"3":{"start":{"line":8,"column":20},"end":{"line":10,"column":null}}},"fnMap":{"0":{"name":"MainContent","decl":{"start":{"line":5,"column":24},"end":{"line":5,"column":36}},"loc":{"start":{"line":5,"column":48},"end":{"line":17,"column":null}}}},"branchMap":{"0":{"loc":{"start":{"line":8,"column":20},"end":{"line":10,"column":null}},"type":"cond-expr","locations":[{"start":{"line":9,"column":6},"end":{"line":9,"column":null}},{"start":{"line":10,"column":6},"end":{"line":10,"column":null}}]}},"s":{"0":0,"1":0,"2":0,"3":0},"f":{"0":0},"b":{"0":[0,0]}}
,"C:\\Users\\clebe\\OneDrive\\Imágenes\\pacre\\conecta-tehuacan\\apps\\frontend\\src\\components\\layout\\Navbar.jsx": {"path":"C:\\Users\\clebe\\OneDrive\\Imágenes\\pacre\\conecta-tehuacan\\apps\\frontend\\src\\components\\layout\\Navbar.jsx","statementMap":{"0":{"start":{"line":8,"column":24},"end":{"line":8,"column":null}},"1":{"start":{"line":3,"column":44},"end":{"line":3,"column":null}},"2":{"start":{"line":4,"column":17},"end":{"line":4,"column":null}},"3":{"start":{"line":5,"column":24},"end":{"line":5,"column":null}},"4":{"start":{"line":6,"column":19},"end":{"line":6,"column":null}},"5":{"start":{"line":9,"column":59},"end":{"line":9,"column":null}},"6":{"start":{"line":10,"column":50},"end":{"line":10,"column":null}},"7":{"start":{"line":11,"column":40},"end":{"line":11,"column":null}},"8":{"start":{"line":12,"column":17},"end":{"line":12,"column":null}},"9":{"start":{"line":13,"column":19},"end":{"line":13,"column":null}},"10":{"start":{"line":15,"column":20},"end":{"line":19,"column":null}},"11":{"start":{"line":21,"column":2},"end":{"line":24,"column":null}},"12":{"start":{"line":22,"column":23},"end":{"line":22,"column":null}},"13":{"start":{"line":23,"column":4},"end":{"line":23,"column":null}},"14":{"start":{"line":27,"column":2},"end":{"line":32,"column":null}},"15":{"start":{"line":28,"column":4},"end":{"line":31,"column":null}},"16":{"start":{"line":30,"column":6},"end":{"line":30,"column":null}},"17":{"start":{"line":30,"column":23},"end":{"line":30,"column":61}},"18":{"start":{"line":34,"column":2},"end":{"line":95,"column":null}},"19":{"start":{"line":35,"column":26},"end":{"line":91,"column":null}},"20":{"start":{"line":36,"column":25},"end":{"line":36,"column":null}},"21":{"start":{"line":37,"column":21},"end":{"line":37,"column":null}},"22":{"start":{"line":39,"column":6},"end":{"line":88,"column":null}},"23":{"start":{"line":41,"column":10},"end":{"line":41,"column":null}},"24":{"start":{"line":42,"column":10},"end":{"line":42,"column":null}},"25":{"start":{"line":43,"column":10},"end":{"line":43,"column":null}},"26":{"start":{"line":45,"column":10},"end":{"line":45,"column":null}},"27":{"start":{"line":46,"column":10},"end":{"line":46,"column":null}},"28":{"start":{"line":47,"column":10},"end":{"line":47,"column":null}},"29":{"start":{"line":49,"column":10},"end":{"line":49,"column":null}},"30":{"start":{"line":50,"column":10},"end":{"line":61,"column":null}},"31":{"start":{"line":52,"column":12},"end":{"line":52,"column":null}},"32":{"start":{"line":53,"column":17},"end":{"line":61,"column":null}},"33":{"start":{"line":55,"column":12},"end":{"line":55,"column":null}},"34":{"start":{"line":56,"column":12},"end":{"line":56,"column":null}},"35":{"start":{"line":57,"column":17},"end":{"line":61,"column":null}},"36":{"start":{"line":59,"column":12},"end":{"line":59,"column":null}},"37":{"start":{"line":60,"column":12},"end":{"line":60,"column":null}},"38":{"start":{"line":62,"column":10},"end":{"line":62,"column":null}},"39":{"start":{"line":64,"column":10},"end":{"line":66,"column":null}},"40":{"start":{"line":65,"column":12},"end":{"line":65,"column":null}},"41":{"start":{"line":67,"column":10},"end":{"line":67,"column":null}},"42":{"start":{"line":69,"column":10},"end":{"line":76,"column":null}},"43":{"start":{"line":70,"column":12},"end":{"line":70,"column":null}},"44":{"start":{"line":71,"column":12},"end":{"line":71,"column":null}},"45":{"start":{"line":72,"column":12},"end":{"line":72,"column":45}},"46":{"start":{"line":73,"column":17},"end":{"line":76,"column":null}},"47":{"start":{"line":74,"column":12},"end":{"line":74,"column":null}},"48":{"start":{"line":75,"column":12},"end":{"line":75,"column":null}},"49":{"start":{"line":77,"column":10},"end":{"line":77,"column":null}},"50":{"start":{"line":79,"column":10},"end":{"line":86,"column":null}},"51":{"start":{"line":80,"column":12},"end":{"line":80,"column":null}},"52":{"start":{"line":81,"column":12},"end":{"line":81,"column":null}},"53":{"start":{"line":82,"column":17},"end":{"line":86,"column":null}},"54":{"start":{"line":83,"column":12},"end":{"line":83,"column":null}},"55":{"start":{"line":84,"column":12},"end":{"line":84,"column":null}},"56":{"start":{"line":85,"column":12},"end":{"line":85,"column":45}},"57":{"start":{"line":87,"column":10},"end":{"line":87,"column":null}},"58":{"start":{"line":90,"column":6},"end":{"line":90,"column":null}},"59":{"start":{"line":93,"column":4},"end":{"line":93,"column":null}},"60":{"start":{"line":94,"column":4},"end":{"line":94,"column":null}},"61":{"start":{"line":94,"column":17},"end":{"line":94,"column":null}},"62":{"start":{"line":97,"column":2},"end":{"line":101,"column":null}},"63":{"start":{"line":98,"column":4},"end":{"line":100,"column":null}},"64":{"start":{"line":99,"column":6},"end":{"line":99,"column":null}},"65":{"start":{"line":115,"column":21},"end":{"line":115,"column":null}},"66":{"start":{"line":117,"column":25},"end":{"line":117,"column":null}},"67":{"start":{"line":130,"column":12},"end":{"line":131,"column":null}},"68":{"start":{"line":134,"column":25},"end":{"line":134,"column":null}},"69":{"start":{"line":136,"column":29},"end":{"line":136,"column":null}},"70":{"start":{"line":148,"column":25},"end":{"line":148,"column":null}},"71":{"start":{"line":150,"column":29},"end":{"line":150,"column":null}},"72":{"start":{"line":151,"column":29},"end":{"line":151,"column":null}},"73":{"start":{"line":164,"column":29},"end":{"line":164,"column":null}},"74":{"start":{"line":166,"column":33},"end":{"line":166,"column":null}},"75":{"start":{"line":174,"column":29},"end":{"line":174,"column":null}},"76":{"start":{"line":176,"column":33},"end":{"line":176,"column":null}},"77":{"start":{"line":187,"column":23},"end":{"line":187,"column":null}},"78":{"start":{"line":189,"column":27},"end":{"line":189,"column":null}}},"fnMap":{"0":{"name":"Navbar","decl":{"start":{"line":8,"column":24},"end":{"line":8,"column":null}},"loc":{"start":{"line":8,"column":24},"end":{"line":197,"column":null}}},"1":{"name":"(anonymous_3)","decl":{"start":{"line":21,"column":12},"end":{"line":21,"column":null}},"loc":{"start":{"line":21,"column":12},"end":{"line":24,"column":5}}},"2":{"name":"(anonymous_4)","decl":{"start":{"line":27,"column":12},"end":{"line":27,"column":null}},"loc":{"start":{"line":27,"column":12},"end":{"line":32,"column":5}}},"3":{"name":"(anonymous_5)","decl":{"start":{"line":30,"column":17},"end":{"line":30,"column":23}},"loc":{"start":{"line":30,"column":23},"end":{"line":30,"column":61}}},"4":{"name":"(anonymous_6)","decl":{"start":{"line":34,"column":12},"end":{"line":34,"column":null}},"loc":{"start":{"line":34,"column":12},"end":{"line":95,"column":5}}},"5":{"name":"(anonymous_7)","decl":{"start":{"line":35,"column":26},"end":{"line":35,"column":27}},"loc":{"start":{"line":35,"column":27},"end":{"line":91,"column":null}}},"6":{"name":"(anonymous_8)","decl":{"start":{"line":94,"column":11},"end":{"line":94,"column":17}},"loc":{"start":{"line":94,"column":17},"end":{"line":94,"column":null}}},"7":{"name":"(anonymous_9)","decl":{"start":{"line":97,"column":12},"end":{"line":97,"column":null}},"loc":{"start":{"line":97,"column":12},"end":{"line":101,"column":5}}},"8":{"name":"(anonymous_10)","decl":{"start":{"line":115,"column":15},"end":{"line":115,"column":21}},"loc":{"start":{"line":115,"column":21},"end":{"line":115,"column":null}}},"9":{"name":"(anonymous_11)","decl":{"start":{"line":117,"column":19},"end":{"line":117,"column":25}},"loc":{"start":{"line":117,"column":25},"end":{"line":117,"column":null}}},"10":{"name":"(anonymous_12)","decl":{"start":{"line":129,"column":25},"end":{"line":129,"column":26}},"loc":{"start":{"line":130,"column":12},"end":{"line":131,"column":null}}},"11":{"name":"(anonymous_13)","decl":{"start":{"line":134,"column":19},"end":{"line":134,"column":25}},"loc":{"start":{"line":134,"column":25},"end":{"line":134,"column":null}}},"12":{"name":"(anonymous_14)","decl":{"start":{"line":136,"column":23},"end":{"line":136,"column":29}},"loc":{"start":{"line":136,"column":29},"end":{"line":136,"column":null}}},"13":{"name":"(anonymous_15)","decl":{"start":{"line":148,"column":19},"end":{"line":148,"column":25}},"loc":{"start":{"line":148,"column":25},"end":{"line":148,"column":null}}},"14":{"name":"(anonymous_16)","decl":{"start":{"line":150,"column":23},"end":{"line":150,"column":29}},"loc":{"start":{"line":150,"column":29},"end":{"line":150,"column":null}}},"15":{"name":"(anonymous_17)","decl":{"start":{"line":151,"column":23},"end":{"line":151,"column":29}},"loc":{"start":{"line":151,"column":29},"end":{"line":151,"column":null}}},"16":{"name":"(anonymous_18)","decl":{"start":{"line":164,"column":23},"end":{"line":164,"column":29}},"loc":{"start":{"line":164,"column":29},"end":{"line":164,"column":null}}},"17":{"name":"(anonymous_19)","decl":{"start":{"line":166,"column":27},"end":{"line":166,"column":33}},"loc":{"start":{"line":166,"column":33},"end":{"line":166,"column":null}}},"18":{"name":"(anonymous_20)","decl":{"start":{"line":174,"column":23},"end":{"line":174,"column":29}},"loc":{"start":{"line":174,"column":29},"end":{"line":174,"column":null}}},"19":{"name":"(anonymous_21)","decl":{"start":{"line":176,"column":27},"end":{"line":176,"column":33}},"loc":{"start":{"line":176,"column":33},"end":{"line":176,"column":null}}},"20":{"name":"(anonymous_22)","decl":{"start":{"line":187,"column":17},"end":{"line":187,"column":23}},"loc":{"start":{"line":187,"column":23},"end":{"line":187,"column":null}}},"21":{"name":"(anonymous_23)","decl":{"start":{"line":189,"column":21},"end":{"line":189,"column":27}},"loc":{"start":{"line":189,"column":27},"end":{"line":189,"column":null}}}},"branchMap":{"0":{"loc":{"start":{"line":22,"column":23},"end":{"line":22,"column":null}},"type":"cond-expr","locations":[{"start":{"line":22,"column":42},"end":{"line":22,"column":65}},{"start":{"line":22,"column":65},"end":{"line":22,"column":null}}]},"1":{"loc":{"start":{"line":28,"column":4},"end":{"line":31,"column":null}},"type":"if","locations":[{"start":{"line":28,"column":4},"end":{"line":31,"column":null}}]},"2":{"loc":{"start":{"line":28,"column":8},"end":{"line":28,"column":66}},"type":"binary-expr","locations":[{"start":{"line":28,"column":8},"end":{"line":28,"column":28}},{"start":{"line":28,"column":28},"end":{"line":28,"column":66}}]},"3":{"loc":{"start":{"line":36,"column":25},"end":{"line":36,"column":null}},"type":"cond-expr","locations":[{"start":{"line":36,"column":44},"end":{"line":36,"column":67}},{"start":{"line":36,"column":67},"end":{"line":36,"column":null}}]},"4":{"loc":{"start":{"line":39,"column":6},"end":{"line":88,"column":null}},"type":"switch","locations":[{"start":{"line":40,"column":8},"end":{"line":43,"column":null}},{"start":{"line":44,"column":8},"end":{"line":47,"column":null}},{"start":{"line":48,"column":8},"end":{"line":62,"column":null}},{"start":{"line":63,"column":8},"end":{"line":67,"column":null}},{"start":{"line":68,"column":8},"end":{"line":77,"column":null}},{"start":{"line":78,"column":8},"end":{"line":87,"column":null}}]},"5":{"loc":{"start":{"line":50,"column":10},"end":{"line":61,"column":null}},"type":"if","locations":[{"start":{"line":50,"column":10},"end":{"line":61,"column":null}},{"start":{"line":53,"column":17},"end":{"line":61,"column":null}}]},"6":{"loc":{"start":{"line":53,"column":17},"end":{"line":61,"column":null}},"type":"if","locations":[{"start":{"line":53,"column":17},"end":{"line":61,"column":null}},{"start":{"line":57,"column":17},"end":{"line":61,"column":null}}]},"7":{"loc":{"start":{"line":53,"column":21},"end":{"line":53,"column":79}},"type":"binary-expr","locations":[{"start":{"line":53,"column":21},"end":{"line":53,"column":41}},{"start":{"line":53,"column":41},"end":{"line":53,"column":79}}]},"8":{"loc":{"start":{"line":57,"column":17},"end":{"line":61,"column":null}},"type":"if","locations":[{"start":{"line":57,"column":17},"end":{"line":61,"column":null}}]},"9":{"loc":{"start":{"line":57,"column":21},"end":{"line":57,"column":79}},"type":"binary-expr","locations":[{"start":{"line":57,"column":21},"end":{"line":57,"column":41}},{"start":{"line":57,"column":41},"end":{"line":57,"column":79}}]},"10":{"loc":{"start":{"line":64,"column":10},"end":{"line":66,"column":null}},"type":"if","locations":[{"start":{"line":64,"column":10},"end":{"line":66,"column":null}}]},"11":{"loc":{"start":{"line":69,"column":10},"end":{"line":76,"column":null}},"type":"if","locations":[{"start":{"line":69,"column":10},"end":{"line":76,"column":null}},{"start":{"line":73,"column":17},"end":{"line":76,"column":null}}]},"12":{"loc":{"start":{"line":69,"column":14},"end":{"line":69,"column":73}},"type":"binary-expr","locations":[{"start":{"line":69,"column":14},"end":{"line":69,"column":54}},{"start":{"line":69,"column":54},"end":{"line":69,"column":73}}]},"13":{"loc":{"start":{"line":73,"column":17},"end":{"line":76,"column":null}},"type":"if","locations":[{"start":{"line":73,"column":17},"end":{"line":76,"column":null}}]},"14":{"loc":{"start":{"line":73,"column":21},"end":{"line":73,"column":116}},"type":"binary-expr","locations":[{"start":{"line":73,"column":21},"end":{"line":73,"column":41}},{"start":{"line":73,"column":41},"end":{"line":73,"column":80}},{"start":{"line":73,"column":80},"end":{"line":73,"column":116}}]},"15":{"loc":{"start":{"line":79,"column":10},"end":{"line":86,"column":null}},"type":"if","locations":[{"start":{"line":79,"column":10},"end":{"line":86,"column":null}},{"start":{"line":82,"column":17},"end":{"line":86,"column":null}}]},"16":{"loc":{"start":{"line":79,"column":14},"end":{"line":79,"column":70}},"type":"binary-expr","locations":[{"start":{"line":79,"column":14},"end":{"line":79,"column":34}},{"start":{"line":79,"column":34},"end":{"line":79,"column":70}}]},"17":{"loc":{"start":{"line":82,"column":17},"end":{"line":86,"column":null}},"type":"if","locations":[{"start":{"line":82,"column":17},"end":{"line":86,"column":null}}]},"18":{"loc":{"start":{"line":82,"column":21},"end":{"line":82,"column":79}},"type":"binary-expr","locations":[{"start":{"line":82,"column":21},"end":{"line":82,"column":41}},{"start":{"line":82,"column":41},"end":{"line":82,"column":79}}]},"19":{"loc":{"start":{"line":98,"column":4},"end":{"line":100,"column":null}},"type":"if","locations":[{"start":{"line":98,"column":4},"end":{"line":100,"column":null}}]},"20":{"loc":{"start":{"line":98,"column":8},"end":{"line":98,"column":57}},"type":"binary-expr","locations":[{"start":{"line":98,"column":8},"end":{"line":98,"column":28}},{"start":{"line":98,"column":28},"end":{"line":98,"column":57}}]},"21":{"loc":{"start":{"line":158,"column":13},"end":{"line":158,"column":null}},"type":"binary-expr","locations":[{"start":{"line":158,"column":13},"end":{"line":158,"column":null}}]},"22":{"loc":{"start":{"line":187,"column":40},"end":{"line":187,"column":103}},"type":"cond-expr","locations":[{"start":{"line":187,"column":59},"end":{"line":187,"column":82}},{"start":{"line":187,"column":82},"end":{"line":187,"column":103}}]},"23":{"loc":{"start":{"line":189,"column":42},"end":{"line":189,"column":null}},"type":"cond-expr","locations":[{"start":{"line":189,"column":61},"end":{"line":189,"column":84}},{"start":{"line":189,"column":84},"end":{"line":189,"column":null}}]}},"s":{"0":0,"1":0,"2":0,"3":0,"4":0,"5":0,"6":0,"7":0,"8":0,"9":0,"10":0,"11":0,"12":0,"13":0,"14":0,"15":0,"16":0,"17":0,"18":0,"19":0,"20":0,"21":0,"22":0,"23":0,"24":0,"25":0,"26":0,"27":0,"28":0,"29":0,"30":0,"31":0,"32":0,"33":0,"34":0,"35":0,"36":0,"37":0,"38":0,"39":0,"40":0,"41":0,"42":0,"43":0,"44":0,"45":0,"46":0,"47":0,"48":0,"49":0,"50":0,"51":0,"52":0,"53":0,"54":0,"55":0,"56":0,"57":0,"58":0,"59":0,"60":0,"61":0,"62":0,"63":0,"64":0,"65":0,"66":0,"67":0,"68":0,"69":0,"70":0,"71":0,"72":0,"73":0,"74":0,"75":0,"76":0,"77":0,"78":0},"f":{"0":0,"1":0,"2":0,"3":0,"4":0,"5":0,"6":0,"7":0,"8":0,"9":0,"10":0,"11":0,"12":0,"13":0,"14":0,"15":0,"16":0,"17":0,"18":0,"19":0,"20":0,"21":0},"b":{"0":[0,0],"1":[0],"2":[0,0],"3":[0,0],"4":[0,0,0,0,0,0],"5":[0,0],"6":[0,0],"7":[0,0],"8":[0],"9":[0,0],"10":[0],"11":[0,0],"12":[0,0],"13":[0],"14":[0,0,0],"15":[0,0],"16":[0,0],"17":[0],"18":[0,0],"19":[0],"20":[0,0],"21":[0],"22":[0,0],"23":[0,0]}}
,"C:\\Users\\clebe\\OneDrive\\Imágenes\\pacre\\conecta-tehuacan\\apps\\frontend\\src\\components\\layout\\RecruiterNavbar.jsx": {"path":"C:\\Users\\clebe\\OneDrive\\Imágenes\\pacre\\conecta-tehuacan\\apps\\frontend\\src\\components\\layout\\RecruiterNavbar.jsx","statementMap":{"0":{"start":{"line":8,"column":24},"end":{"line":8,"column":null}},"1":{"start":{"line":3,"column":44},"end":{"line":3,"column":null}},"2":{"start":{"line":4,"column":17},"end":{"line":4,"column":null}},"3":{"start":{"line":5,"column":24},"end":{"line":5,"column":null}},"4":{"start":{"line":6,"column":19},"end":{"line":6,"column":null}},"5":{"start":{"line":9,"column":33},"end":{"line":9,"column":null}},"6":{"start":{"line":10,"column":40},"end":{"line":10,"column":null}},"7":{"start":{"line":11,"column":17},"end":{"line":11,"column":null}},"8":{"start":{"line":12,"column":19},"end":{"line":12,"column":null}},"9":{"start":{"line":14,"column":2},"end":{"line":16,"column":null}},"10":{"start":{"line":15,"column":4},"end":{"line":15,"column":null}},"11":{"start":{"line":18,"column":2},"end":{"line":47,"column":null}},"12":{"start":{"line":19,"column":26},"end":{"line":43,"column":null}},"13":{"start":{"line":20,"column":21},"end":{"line":20,"column":null}},"14":{"start":{"line":22,"column":6},"end":{"line":40,"column":null}},"15":{"start":{"line":24,"column":10},"end":{"line":24,"column":null}},"16":{"start":{"line":25,"column":10},"end":{"line":25,"column":null}},"17":{"start":{"line":26,"column":10},"end":{"line":26,"column":null}},"18":{"start":{"line":28,"column":10},"end":{"line":28,"column":null}},"19":{"start":{"line":29,"column":10},"end":{"line":29,"column":null}},"20":{"start":{"line":30,"column":10},"end":{"line":30,"column":null}},"21":{"start":{"line":32,"column":10},"end":{"line":38,"column":null}},"22":{"start":{"line":33,"column":12},"end":{"line":33,"column":null}},"23":{"start":{"line":34,"column":12},"end":{"line":34,"column":null}},"24":{"start":{"line":35,"column":17},"end":{"line":38,"column":null}},"25":{"start":{"line":36,"column":12},"end":{"line":36,"column":null}},"26":{"start":{"line":37,"column":12},"end":{"line":37,"column":null}},"27":{"start":{"line":39,"column":10},"end":{"line":39,"column":null}},"28":{"start":{"line":42,"column":6},"end":{"line":42,"column":null}},"29":{"start":{"line":45,"column":4},"end":{"line":45,"column":null}},"30":{"start":{"line":46,"column":4},"end":{"line":46,"column":null}},"31":{"start":{"line":46,"column":17},"end":{"line":46,"column":null}},"32":{"start":{"line":49,"column":2},"end":{"line":53,"column":null}},"33":{"start":{"line":50,"column":4},"end":{"line":52,"column":null}},"34":{"start":{"line":51,"column":6},"end":{"line":51,"column":null}},"35":{"start":{"line":68,"column":23},"end":{"line":68,"column":null}},"36":{"start":{"line":70,"column":27},"end":{"line":70,"column":null}},"37":{"start":{"line":82,"column":23},"end":{"line":82,"column":null}},"38":{"start":{"line":84,"column":27},"end":{"line":84,"column":null}},"39":{"start":{"line":94,"column":23},"end":{"line":94,"column":null}},"40":{"start":{"line":96,"column":27},"end":{"line":96,"column":null}}},"fnMap":{"0":{"name":"RecruiterNavbar","decl":{"start":{"line":8,"column":24},"end":{"line":8,"column":null}},"loc":{"start":{"line":8,"column":24},"end":{"line":105,"column":null}}},"1":{"name":"(anonymous_3)","decl":{"start":{"line":14,"column":12},"end":{"line":14,"column":null}},"loc":{"start":{"line":14,"column":12},"end":{"line":16,"column":5}}},"2":{"name":"(anonymous_4)","decl":{"start":{"line":18,"column":12},"end":{"line":18,"column":null}},"loc":{"start":{"line":18,"column":12},"end":{"line":47,"column":5}}},"3":{"name":"(anonymous_5)","decl":{"start":{"line":19,"column":26},"end":{"line":19,"column":27}},"loc":{"start":{"line":19,"column":27},"end":{"line":43,"column":null}}},"4":{"name":"(anonymous_6)","decl":{"start":{"line":46,"column":11},"end":{"line":46,"column":17}},"loc":{"start":{"line":46,"column":17},"end":{"line":46,"column":null}}},"5":{"name":"(anonymous_7)","decl":{"start":{"line":49,"column":12},"end":{"line":49,"column":null}},"loc":{"start":{"line":49,"column":12},"end":{"line":53,"column":5}}},"6":{"name":"(anonymous_8)","decl":{"start":{"line":68,"column":17},"end":{"line":68,"column":23}},"loc":{"start":{"line":68,"column":23},"end":{"line":68,"column":null}}},"7":{"name":"(anonymous_9)","decl":{"start":{"line":70,"column":21},"end":{"line":70,"column":27}},"loc":{"start":{"line":70,"column":27},"end":{"line":70,"column":null}}},"8":{"name":"(anonymous_10)","decl":{"start":{"line":82,"column":17},"end":{"line":82,"column":23}},"loc":{"start":{"line":82,"column":23},"end":{"line":82,"column":null}}},"9":{"name":"(anonymous_11)","decl":{"start":{"line":84,"column":21},"end":{"line":84,"column":27}},"loc":{"start":{"line":84,"column":27},"end":{"line":84,"column":null}}},"10":{"name":"(anonymous_12)","decl":{"start":{"line":94,"column":17},"end":{"line":94,"column":23}},"loc":{"start":{"line":94,"column":23},"end":{"line":94,"column":null}}},"11":{"name":"(anonymous_13)","decl":{"start":{"line":96,"column":21},"end":{"line":96,"column":27}},"loc":{"start":{"line":96,"column":27},"end":{"line":96,"column":null}}}},"branchMap":{"0":{"loc":{"start":{"line":22,"column":6},"end":{"line":40,"column":null}},"type":"switch","locations":[{"start":{"line":23,"column":8},"end":{"line":26,"column":null}},{"start":{"line":27,"column":8},"end":{"line":30,"column":null}},{"start":{"line":31,"column":8},"end":{"line":39,"column":null}}]},"1":{"loc":{"start":{"line":32,"column":10},"end":{"line":38,"column":null}},"type":"if","locations":[{"start":{"line":32,"column":10},"end":{"line":38,"column":null}},{"start":{"line":35,"column":17},"end":{"line":38,"column":null}}]},"2":{"loc":{"start":{"line":32,"column":14},"end":{"line":32,"column":46}},"type":"binary-expr","locations":[{"start":{"line":32,"column":14},"end":{"line":32,"column":35}},{"start":{"line":32,"column":35},"end":{"line":32,"column":46}}]},"3":{"loc":{"start":{"line":35,"column":17},"end":{"line":38,"column":null}},"type":"if","locations":[{"start":{"line":35,"column":17},"end":{"line":38,"column":null}}]},"4":{"loc":{"start":{"line":35,"column":21},"end":{"line":35,"column":52}},"type":"binary-expr","locations":[{"start":{"line":35,"column":21},"end":{"line":35,"column":42}},{"start":{"line":35,"column":42},"end":{"line":35,"column":52}}]},"5":{"loc":{"start":{"line":50,"column":4},"end":{"line":52,"column":null}},"type":"if","locations":[{"start":{"line":50,"column":4},"end":{"line":52,"column":null}}]},"6":{"loc":{"start":{"line":50,"column":8},"end":{"line":50,"column":57}},"type":"binary-expr","locations":[{"start":{"line":50,"column":8},"end":{"line":50,"column":28}},{"start":{"line":50,"column":28},"end":{"line":50,"column":57}}]}},"s":{"0":0,"1":0,"2":0,"3":0,"4":0,"5":0,"6":0,"7":0,"8":0,"9":0,"10":0,"11":0,"12":0,"13":0,"14":0,"15":0,"16":0,"17":0,"18":0,"19":0,"20":0,"21":0,"22":0,"23":0,"24":0,"25":0,"26":0,"27":0,"28":0,"29":0,"30":0,"31":0,"32":0,"33":0,"34":0,"35":0,"36":0,"37":0,"38":0,"39":0,"40":0},"f":{"0":0,"1":0,"2":0,"3":0,"4":0,"5":0,"6":0,"7":0,"8":0,"9":0,"10":0,"11":0},"b":{"0":[0,0,0],"1":[0,0],"2":[0,0],"3":[0],"4":[0,0],"5":[0],"6":[0,0]}}
,"C:\\Users\\clebe\\OneDrive\\Imágenes\\pacre\\conecta-tehuacan\\apps\\frontend\\src\\components\\layout\\RecruiterSidebar.jsx": {"path":"C:\\Users\\clebe\\OneDrive\\Imágenes\\pacre\\conecta-tehuacan\\apps\\frontend\\src\\components\\layout\\RecruiterSidebar.jsx","statementMap":{"0":{"start":{"line":7,"column":24},"end":{"line":7,"column":41}},"1":{"start":{"line":3,"column":44},"end":{"line":3,"column":null}},"2":{"start":{"line":4,"column":24},"end":{"line":4,"column":null}},"3":{"start":{"line":5,"column":19},"end":{"line":5,"column":null}},"4":{"start":{"line":8,"column":36},"end":{"line":8,"column":null}},"5":{"start":{"line":9,"column":36},"end":{"line":9,"column":null}},"6":{"start":{"line":10,"column":42},"end":{"line":10,"column":null}},"7":{"start":{"line":11,"column":19},"end":{"line":11,"column":null}},"8":{"start":{"line":13,"column":15},"end":{"line":18,"column":null}},"9":{"start":{"line":20,"column":2},"end":{"line":22,"column":null}},"10":{"start":{"line":21,"column":4},"end":{"line":21,"column":null}},"11":{"start":{"line":24,"column":2},"end":{"line":64,"column":null}},"12":{"start":{"line":25,"column":26},"end":{"line":60,"column":null}},"13":{"start":{"line":26,"column":21},"end":{"line":26,"column":null}},"14":{"start":{"line":28,"column":6},"end":{"line":57,"column":null}},"15":{"start":{"line":30,"column":10},"end":{"line":30,"column":null}},"16":{"start":{"line":31,"column":10},"end":{"line":31,"column":null}},"17":{"start":{"line":32,"column":10},"end":{"line":32,"column":null}},"18":{"start":{"line":34,"column":10},"end":{"line":34,"column":null}},"19":{"start":{"line":35,"column":10},"end":{"line":35,"column":null}},"20":{"start":{"line":36,"column":10},"end":{"line":36,"column":null}},"21":{"start":{"line":39,"column":10},"end":{"line":39,"column":null}},"22":{"start":{"line":40,"column":10},"end":{"line":46,"column":null}},"23":{"start":{"line":41,"column":12},"end":{"line":41,"column":null}},"24":{"start":{"line":43,"column":29},"end":{"line":43,"column":null}},"25":{"start":{"line":44,"column":12},"end":{"line":44,"column":null}},"26":{"start":{"line":45,"column":12},"end":{"line":45,"column":null}},"27":{"start":{"line":47,"column":10},"end":{"line":47,"column":null}},"28":{"start":{"line":49,"column":10},"end":{"line":55,"column":null}},"29":{"start":{"line":50,"column":12},"end":{"line":50,"column":null}},"30":{"start":{"line":51,"column":12},"end":{"line":51,"column":null}},"31":{"start":{"line":52,"column":17},"end":{"line":55,"column":null}},"32":{"start":{"line":53,"column":12},"end":{"line":53,"column":null}},"33":{"start":{"line":54,"column":12},"end":{"line":54,"column":null}},"34":{"start":{"line":56,"column":10},"end":{"line":56,"column":null}},"35":{"start":{"line":59,"column":6},"end":{"line":59,"column":null}},"36":{"start":{"line":62,"column":4},"end":{"line":62,"column":null}},"37":{"start":{"line":63,"column":4},"end":{"line":63,"column":null}},"38":{"start":{"line":63,"column":17},"end":{"line":63,"column":null}},"39":{"start":{"line":66,"column":2},"end":{"line":70,"column":null}},"40":{"start":{"line":67,"column":4},"end":{"line":69,"column":null}},"41":{"start":{"line":68,"column":6},"end":{"line":68,"column":null}},"42":{"start":{"line":79,"column":19},"end":{"line":79,"column":null}},"43":{"start":{"line":81,"column":23},"end":{"line":81,"column":null}},"44":{"start":{"line":87,"column":8},"end":{"line":88,"column":null}},"45":{"start":{"line":91,"column":12},"end":{"line":91,"column":null}},"46":{"start":{"line":92,"column":12},"end":{"line":92,"column":null}},"47":{"start":{"line":94,"column":21},"end":{"line":94,"column":null}},"48":{"start":{"line":96,"column":25},"end":{"line":96,"column":null}}},"fnMap":{"0":{"name":"RecruiterSidebar","decl":{"start":{"line":7,"column":24},"end":{"line":7,"column":41}},"loc":{"start":{"line":7,"column":56},"end":{"line":107,"column":null}}},"1":{"name":"(anonymous_3)","decl":{"start":{"line":20,"column":12},"end":{"line":20,"column":null}},"loc":{"start":{"line":20,"column":12},"end":{"line":22,"column":5}}},"2":{"name":"(anonymous_4)","decl":{"start":{"line":24,"column":12},"end":{"line":24,"column":null}},"loc":{"start":{"line":24,"column":12},"end":{"line":64,"column":5}}},"3":{"name":"(anonymous_5)","decl":{"start":{"line":25,"column":26},"end":{"line":25,"column":27}},"loc":{"start":{"line":25,"column":27},"end":{"line":60,"column":null}}},"4":{"name":"(anonymous_6)","decl":{"start":{"line":63,"column":11},"end":{"line":63,"column":17}},"loc":{"start":{"line":63,"column":17},"end":{"line":63,"column":null}}},"5":{"name":"(anonymous_7)","decl":{"start":{"line":66,"column":12},"end":{"line":66,"column":null}},"loc":{"start":{"line":66,"column":12},"end":{"line":70,"column":5}}},"6":{"name":"(anonymous_8)","decl":{"start":{"line":79,"column":13},"end":{"line":79,"column":19}},"loc":{"start":{"line":79,"column":19},"end":{"line":79,"column":null}}},"7":{"name":"(anonymous_9)","decl":{"start":{"line":81,"column":17},"end":{"line":81,"column":23}},"loc":{"start":{"line":81,"column":23},"end":{"line":81,"column":null}}},"8":{"name":"(anonymous_10)","decl":{"start":{"line":86,"column":16},"end":{"line":86,"column":17}},"loc":{"star
[...]
line":109,"column":6},"end":{"line":124,"column":null}},"33":{"start":{"line":111,"column":10},"end":{"line":111,"column":null}},"34":{"start":{"line":112,"column":10},"end":{"line":112,"column":null}},"35":{"start":{"line":113,"column":10},"end":{"line":113,"column":null}},"36":{"start":{"line":115,"column":10},"end":{"line":115,"column":null}},"37":{"start":{"line":116,"column":10},"end":{"line":116,"column":null}},"38":{"start":{"line":117,"column":10},"end":{"line":117,"column":null}},"39":{"start":{"line":120,"column":10},"end":{"line":120,"column":null}},"40":{"start":{"line":121,"column":10},"end":{"line":121,"column":null}},"41":{"start":{"line":123,"column":10},"end":{"line":123,"column":null}},"42":{"start":{"line":127,"column":4},"end":{"line":127,"column":null}},"43":{"start":{"line":128,"column":4},"end":{"line":128,"column":null}},"44":{"start":{"line":128,"column":17},"end":{"line":128,"column":null}},"45":{"start":{"line":154,"column":57},"end":{"line":154,"column":null}},"46":{"start":{"line":155,"column":18},"end":{"line":155,"column":null}},"47":{"start":{"line":157,"column":2},"end":{"line":172,"column":null}},"48":{"start":{"line":158,"column":26},"end":{"line":168,"column":null}},"49":{"start":{"line":159,"column":6},"end":{"line":159,"column":null}},"50":{"start":{"line":159,"column":62},"end":{"line":159,"column":null}},"51":{"start":{"line":161,"column":6},"end":{"line":167,"column":null}},"52":{"start":{"line":162,"column":8},"end":{"line":162,"column":null}},"53":{"start":{"line":163,"column":8},"end":{"line":163,"column":null}},"54":{"start":{"line":164,"column":13},"end":{"line":167,"column":null}},"55":{"start":{"line":165,"column":8},"end":{"line":165,"column":null}},"56":{"start":{"line":166,"column":8},"end":{"line":166,"column":null}},"57":{"start":{"line":170,"column":4},"end":{"line":170,"column":null}},"58":{"start":{"line":171,"column":4},"end":{"line":171,"column":null}},"59":{"start":{"line":171,"column":17},"end":{"line":171,"column":null}},"60":{"start":{"line":191,"column":31},"end":{"line":191,"column":null}},"61":{"start":{"line":192,"column":22},"end":{"line":192,"column":null}},"62":{"start":{"line":194,"column":2},"end":{"line":214,"column":null}},"63":{"start":{"line":195,"column":26},"end":{"line":210,"column":null}},"64":{"start":{"line":196,"column":6},"end":{"line":196,"column":null}},"65":{"start":{"line":196,"column":66},"end":{"line":196,"column":null}},"66":{"start":{"line":198,"column":26},"end":{"line":198,"column":null}},"67":{"start":{"line":199,"column":27},"end":{"line":199,"column":null}},"68":{"start":{"line":201,"column":6},"end":{"line":209,"column":null}},"69":{"start":{"line":202,"column":8},"end":{"line":202,"column":null}},"70":{"start":{"line":203,"column":26},"end":{"line":203,"column":null}},"71":{"start":{"line":204,"column":8},"end":{"line":204,"column":null}},"72":{"start":{"line":205,"column":13},"end":{"line":209,"column":null}},"73":{"start":{"line":206,"column":8},"end":{"line":206,"column":null}},"74":{"start":{"line":207,"column":26},"end":{"line":207,"column":null}},"75":{"start":{"line":208,"column":8},"end":{"line":208,"column":null}},"76":{"start":{"line":212,"column":4},"end":{"line":212,"column":null}},"77":{"start":{"line":213,"column":4},"end":{"line":213,"column":null}},"78":{"start":{"line":213,"column":17},"end":{"line":213,"column":null}},"79":{"start":{"line":219,"column":8},"end":{"line":220,"column":null}},"80":{"start":{"line":238,"column":32},"end":{"line":238,"column":null}},"81":{"start":{"line":239,"column":57},"end":{"line":239,"column":null}},"82":{"start":{"line":240,"column":20},"end":{"line":240,"column":null}},"83":{"start":{"line":242,"column":2},"end":{"line":257,"column":null}},"84":{"start":{"line":243,"column":26},"end":{"line":253,"column":null}},"85":{"start":{"line":244,"column":6},"end":{"line":244,"column":null}},"86":{"start":{"line":244,"column":64},"end":{"line":244,"column":null}},"87":{"start":{"line":246,"column":6},"end":{"line":252,"column":null}},"88":{"start":{"line":247,"column":8},"end":{"line":247,"column":null}},"89":{"start":{"line":248,"column":8},"end":{"line":248,"column":null}},"90":{"start":{"line":249,"column":13},"end":{"line":252,"column":null}},"91":{"start":{"line":250,"column":8},"end":{"line":250,"column":null}},"92":{"start":{"line":251,"column":8},"end":{"line":251,"column":null}},"93":{"start":{"line":255,"column":4},"end":{"line":255,"column":null}},"94":{"start":{"line":256,"column":4},"end":{"line":256,"column":null}},"95":{"start":{"line":256,"column":17},"end":{"line":256,"column":null}},"96":{"start":{"line":266,"column":10},"end":{"line":266,"column":null}},"97":{"start":{"line":272,"column":10},"end":{"line":272,"column":null}}},"fnMap":{"0":{"name":"ModalExample","decl":{"start":{"line":16,"column":16},"end":{"line":16,"column":28}},"loc":{"start":{"line":16,"column":16},"end":{"line":41,"column":null}}},"1":{"name":"(anonymous_8)","decl":{"start":{"line":20,"column":12},"end":{"line":20,"column":null}},"loc":{"start":{"line":20,"column":12},"end":{"line":32,"column":5}}},"2":{"name":"(anonymous_9)","decl":{"start":{"line":21,"column":26},"end":{"line":21,"column":27}},"loc":{"start":{"line":21,"column":27},"end":{"line":28,"column":null}}},"3":{"name":"(anonymous_10)","decl":{"start":{"line":31,"column":11},"end":{"line":31,"column":17}},"loc":{"start":{"line":31,"column":17},"end":{"line":31,"column":null}}},"4":{"name":"FormExample","decl":{"start":{"line":47,"column":16},"end":{"line":47,"column":27}},"loc":{"start":{"line":47,"column":16},"end":{"line":95,"column":null}}},"5":{"name":"(anonymous_12)","decl":{"start":{"line":50,"column":23},"end":{"line":50,"column":24}},"loc":{"start":{"line":50,"column":24},"end":{"line":53,"column":null}}},"6":{"name":"(anonymous_13)","decl":{"start":{"line":55,"column":27},"end":{"line":55,"column":28}},"loc":{"start":{"line":55,"column":28},"end":{"line":58,"column":null}}},"7":{"name":"ContextMenuExample","decl":{"start":{"line":101,"column":16},"end":{"line":101,"column":34}},"loc":{"start":{"line":101,"column":16},"end":{"line":147,"column":null}}},"8":{"name":"(anonymous_15)","decl":{"start":{"line":105,"column":12},"end":{"line":105,"column":null}},"loc":{"start":{"line":105,"column":12},"end":{"line":129,"column":5}}},"9":{"name":"(anonymous_16)","decl":{"start":{"line":106,"column":26},"end":{"line":106,"column":27}},"loc":{"start":{"line":106,"column":27},"end":{"line":125,"column":null}}},"10":{"name":"(anonymous_17)","decl":{"start":{"line":128,"column":11},"end":{"line":128,"column":17}},"loc":{"start":{"line":128,"column":17},"end":{"line":128,"column":null}}},"11":{"name":"TabsExample","decl":{"start":{"line":153,"column":16},"end":{"line":153,"column":27}},"loc":{"start":{"line":153,"column":16},"end":{"line":184,"column":null}}},"12":{"name":"(anonymous_19)","decl":{"start":{"line":157,"column":12},"end":{"line":157,"column":null}},"loc":{"start":{"line":157,"column":12},"end":{"line":172,"column":5}}},"13":{"name":"(anonymous_20)","decl":{"start":{"line":158,"column":26},"end":{"line":158,"column":27}},"loc":{"start":{"line":158,"column":27},"end":{"line":168,"column":null}}},"14":{"name":"(anonymous_21)","decl":{"start":{"line":171,"column":11},"end":{"line":171,"column":17}},"loc":{"start":{"line":171,"column":17},"end":{"line":171,"column":null}}},"15":{"name":"CarouselExample","decl":{"start":{"line":190,"column":16},"end":{"line":190,"column":31}},"loc":{"start":{"line":190,"column":16},"end":{"line":231,"column":null}}},"16":{"name":"(anonymous_23)","decl":{"start":{"line":194,"column":12},"end":{"line":194,"column":null}},"loc":{"start":{"line":194,"column":12},"end":{"line":214,"column":5}}},"17":{"name":"(anonymous_24)","decl":{"start":{"line":195,"column":26},"end":{"line":195,"column":27}},"loc":{"start":{"line":195,"column":27},"end":{"line":210,"column":null}}},"18":{"name":"(anonymous_25)","decl":{"start":{"line":213,"column":11},"end":{"line":213,"column":17}},"loc":{"start":{"line":213,"column":17},"end":{"line":213,"column":null}}},"19":{"name":"(anonymous_26)","decl":{"start":{"line":218,"column":27},"end":{"line":218,"column":28}},"loc":{"start":{"line":219,"column":8},"end":{"line":220,"column":null}}},"20":{"name":"SearchExample","decl":{"start":{"line":237,"column":16},"end":{"line":237,"column":29}},"loc":{"start":{"line":237,"column":16},"end":{"line":279,"column":null}}},"21":{"name":"(anonymous_28)","decl":{"start":{"line":242,"column":12},"end":{"line":242,"column":null}},"loc":{"start":{"line":242,"column":12},"end":{"line":257,"column":5}}},"22":{"name":"(anonymous_29)","decl":{"start":{"line":243,"column":26},"end":{"line":243,"column":27}},"loc":{"start":{"line":243,"column":27},"end":{"line":253,"column":null}}},"23":{"name":"(anonymous_30)","decl":{"start":{"line":256,"column":11},"end":{"line":256,"column":17}},"loc":{"start":{"line":256,"column":17},"end":{"line":256,"column":null}}},"24":{"name":"(anonymous_31)","decl":{"start":{"line":264,"column":18},"end":{"line":264,"column":19}},"loc":{"start":{"line":264,"column":19},"end":{"line":267,"column":null}}},"25":{"name":"(anonymous_32)","decl":{"start":{"line":271,"column":21},"end":{"line":271,"column":22}},"loc":{"start":{"line":272,"column":10},"end":{"line":272,"column":null}}}},"branchMap":{"0":{"loc":{"start":{"line":22,"column":6},"end":{"line":22,"column":null}},"type":"if","locations":[{"start":{"line":22,"column":6},"end":{"line":22,"column":null}}]},"1":{"loc":{"start":{"line":24,"column":6},"end":{"line":27,"column":null}},"type":"if","locations":[{"start":{"line":24,"column":6},"end":{"line":27,"column":null}}]},"2":{"loc":{"start":{"line":26,"column":8},"end":{"line":26,"column":null}},"type":"cond-expr","locations":[{"start":{"line":26,"column":21},"end":{"line":26,"column":39}},{"start":{"line":26,"column":39},"end":{"line":26,"column":null}}]},"3":{"loc":{"start":{"line":107,"column":6},"end":{"line":107,"column":null}},"type":"if","locations":[{"start":{"line":107,"column":6},"end":{"line":107,"column":null}}]},"4":{"loc":{"start":{"line":109,"column":6},"end":{"line":124,"column":null}},"type":"switch","locations":[{"start":{"line":110,"column":8},"end":{"line":113,"column":null}},{"start":{"line":114,"column":8},"end":{"line":117,"column":null}},{"start":{"line":118,"column":8},"end":{"line":121,"column":null}},{"start":{"line":122,"column":8},"end":{"line":123,"column":null}}]},"5":{"loc":{"start":{"line":159,"column":6},"end":{"line":159,"column":null}},"type":"if","locations":[{"start":{"line":159,"column":6},"end":{"line":159,"column":null}}]},"6":{"loc":{"start":{"line":161,"column":6},"end":{"line":167,"column":null}},"type":"if","locations":[{"start":{"line":161,"column":6},"end":{"line":167,"column":null}},{"start":{"line":164,"column":13},"end":{"line":167,"column":null}}]},"7":{"loc":{"start":{"line":161,"column":10},"end":{"line":161,"column":59}},"type":"binary-expr","locations":[{"start":{"line":161,"column":10},"end":{"line":161,"column":36}},{"start":{"line":161,"column":36},"end":{"line":161,"column":59}}]},"8":{"loc":{"start":{"line":164,"column":13},"end":{"line":167,"column":null}},"type":"if","locations":[{"start":{"line":164,"column":13},"end":{"line":167,"column":null}}]},"9":{"loc":{"start":{"line":164,"column":17},"end":{"line":164,"column":63}},"type":"binary-expr","locations":[{"start":{"line":164,"column":17},"end":{"line":164,"column":42}},{"start":{"line":164,"column":42},"end":{"line":164,"column":63}}]},"10":{"loc":{"start":{"line":196,"column":6},"end":{"line":196,"column":null}},"type":"if","locations":[{"start":{"line":196,"column":6},"end":{"line":196,"column":null}}]},"11":{"loc":{"start":{"line":199,"column":36},"end":{"line":199,"column":null}},"type":"binary-expr","locations":[{"start":{"line":199,"column":36},"end":{"line":199,"column":77}},{"start":{"line":199,"column":77},"end":{"line":199,"column":null}}]},"12":{"loc":{"start":{"line":201,"column":6},"end":{"line":209,"column":null}},"type":"if","locations":[{"start":{"line":201,"column":6},"end":{"line":209,"column":null}},{"start":{"line":205,"column":13},"end":{"line":209,"column":null}}]},"13":{"loc":{"start":{"line":205,"column":13},"end":{"line":209,"column":null}},"type":"if","locations":[{"start":{"line":205,"column":13},"end":{"line":209,"column":null}}]},"14":{"loc":{"start":{"line":225,"column":20},"end":{"line":225,"column":null}},"type":"cond-expr","locations":[{"start":{"line":225,"column":34},"end":{"line":225,"column":38}},{"start":{"line":225,"column":38},"end":{"line":225,"column":null}}]},"15":{"loc":{"start":{"line":244,"column":6},"end":{"line":244,"column":null}},"type":"if","locations":[{"start":{"line":244,"column":6},"end":{"line":244,"column":null}}]},"16":{"loc":{"start":{"line":246,"column":6},"end":{"line":252,"column":null}},"type":"if","locations":[{"start":{"line":246,"column":6},"end":{"line":252,"column":null}},{"start":{"line":249,"column":13},"end":{"line":252,"column":null}}]},"17":{"loc":{"start":{"line":249,"column":13},"end":{"line":252,"column":null}},"type":"if","locations":[{"start":{"line":249,"column":13},"end":{"line":252,"column":null}}]}},"s":{"0":0,"1":0,"2":0,"3":0,"4":0,"5":0,"6":0,"7":0,"8":0,"9":0,"10":0,"11":0,"12":0,"13":0,"14":0,"15":0,"16":0,"17":0,"18":0,"19":0,"20":0,"21":0,"22":0,"23":0,"24":0,"25":0,"26":0,"27":0,"28":0,"29":0,"30":0,"31":0,"32":0,"33":0,"34":0,"35":0,"36":0,"37":0,"38":0,"39":0,"40":0,"41":0,"42":0,"43":0,"44":0,"45":0,"46":0,"47":0,"48":0,"49":0,"50":0,"51":0,"52":0,"53":0,"54":0,"55":0,"56":0,"57":0,"58":0,"59":0,"60":0,"61":0,"62":0,"63":0,"64":0,"65":0,"66":0,"67":0,"68":0,"69":0,"70":0,"71":0,"72":0,"73":0,"74":0,"75":0,"76":0,"77":0,"78":0,"79":0,"80":0,"81":0,"82":0,"83":0,"84":0,"85":0,"86":0,"87":0,"88":0,"89":0,"90":0,"91":0,"92":0,"93":0,"94":0,"95":0,"96":0,"97":0},"f":{"0":0,"1":0,"2":0,"3":0,"4":0,"5":0,"6":0,"7":0,"8":0,"9":0,"10":0,"11":0,"12":0,"13":0,"14":0,"15":0,"16":0,"17":0,"18":0,"19":0,"20":0,"21":0,"22":0,"23":0,"24":0,"25":0},"b":{"0":[0],"1":[0],"2":[0,0],"3":[0],"4":[0,0,0,0],"5":[0],"6":[0,0],"7":[0,0],"8":[0],"9":[0,0],"10":[0],"11":[0,0],"12":[0,0],"13":[0],"14":[0,0],"15":[0],"16":[0,0],"17":[0]}}
,"C:\\Users\\clebe\\OneDrive\\Imágenes\\pacre\\conecta-tehuacan\\apps\\frontend\\src\\hooks\\useFocusManagement.js": {"path":"C:\\Users\\clebe\\OneDrive\\Imágenes\\pacre\\conecta-tehuacan\\apps\\frontend\\src\\hooks\\useFocusManagement.js","statementMap":{"0":{"start":{"line":11,"column":16},"end":{"line":11,"column":35}},"1":{"start":{"line":1,"column":47},"end":{"line":1,"column":null}},"2":{"start":{"line":12,"column":19},"end":{"line":12,"column":null}},"3":{"start":{"line":13,"column":26},"end":{"line":13,"column":null}},"4":{"start":{"line":19,"column":19},"end":{"line":24,"column":null}},"5":{"start":{"line":20,"column":4},"end":{"line":23,"column":null}},"6":{"start":{"line":21,"column":6},"end":{"line":21,"column":null}},"7":{"start":{"line":22,"column":6},"end":{"line":22,"column":null}},"8":{"start":{"line":29,"column":20},"end":{"line":35,"column":null}},"9":{"start":{"line":30,"column":23},"end":{"line":30,"column":46}},"10":{"start":{"line":31,"column":4},"end":{"line":31,"column":null}},"11":{"start":{"line":31,"column":26},"end":{"line":31,"column":null}},"12":{"start":{"line":33,"column":22},"end":{"line":33,"column":null}},"13":{"start":{"line":34,"column":4},"end":{"line":34,"column":null}},"14":{"start":{"line":40,"column":24},"end":{"line":46,"column":null}},"15":{"start":{"line":41,"column":23},"end":{"line":41,"column":46}},"16":{"start":{"line":42,"column":4},"end":{"line":42,"column":null}},"17":{"start":{"line":42,"column":26},"end":{"line":42,"column":null}},"18":{"start":{"line":44,"column":22},"end":{"line":44,"column":null}},"19":{"start":{"line":45,"column":4},"end":{"line":45,"column":null}},"20":{"start":{"line":53,"column":17},"end":{"line":59,"column":null}},"21":{"start":{"line":54,"column":4},"end":{"line":58,"column":null}},"22":{"start":{"line":55,"column":6},"end":{"line":57,"column":null}},"23":{"start":{"line":56,"column":8},"end":{"line":56,"column":null}},"24":{"start":{"line":64,"column":26},"end":{"line":66,"column":null}},"25":{"start":{"line":65,"column":4},"end":{"line":65,"column":null}},"26":{"start":{"line":71,"column":2},"end":{"line":80,"column":null}},"27":{"start":{"line":73,"column":18},"end":{"line":77,"column":null}},"28":{"start":{"line":74,"column":6},"end":{"line":76,"column":null}},"29":{"start":{"line":75,"column":8},"end":{"line":75,"column":null}},"30":{"start":{"line":79,"column":4},"end":{"line":79,"column":null}},"31":{"start":{"line":79,"column":17},"end":{"line":79,"column":null}},"32":{"start":{"line":82,"column":2},"end":{"line":90,"column":null}}},"fnMap":{"0":{"name":"useFocusManagement","decl":{"start":{"line":11,"column":16},"end":{"line":11,"column":35}},"loc":{"start":{"line":11,"column":56},"end":{"line":91,"column":null}}},"1":{"name":"(anonymous_2)","decl":{"start":{"line":19,"column":31},"end":{"line":19,"column":32}},"loc":{"start":{"line":19,"column":32},"end":{"line":24,"column":5}}},"2":{"name":"(anonymous_3)","decl":{"start":{"line":29,"column":32},"end":{"line":29,"column":null}},"loc":{"start":{"line":29,"column":32},"end":{"line":35,"column":5}}},"3":{"name":"(anonymous_4)","decl":{"start":{"line":40,"column":36},"end":{"line":40,"column":null}},"loc":{"start":{"line":40,"column":36},"end":{"line":46,"column":5}}},"4":{"name":"(anonymous_5)","decl":{"start":{"line":53,"column":29},"end":{"line":53,"column":30}},"loc":{"start":{"line":53,"column":30},"end":{"line":59,"column":5}}},"5":{"name":"(anonymous_6)","decl":{"start":{"line":54,"column":11},"end":{"line":54,"column":12}},"loc":{"start":{"line":54,"column":12},"end":{"line":58,"column":null}}},"6":{"name":"(anonymous_7)","decl":{"start":{"line":64,"column":38},"end":{"line":64,"column":null}},"loc":{"start":{"line":64,"column":38},"end":{"line":66,"column":5}}},"7":{"name":"(anonymous_8)","decl":{"start":{"line":71,"column":12},"end":{"line":71,"column":null}},"loc":{"start":{"line":71,"column":12},"end":{"line":80,"column":5}}},"8":{"name":"(anonymous_9)","decl":{"start":{"line":73,"column":29},"end":{"line":73,"column":null}},"loc":{"start":{"line":73,"column":29},"end":{"line":77,"column":7}}},"9":{"name":"(anonymous_10)","decl":{"start":{"line":79,"column":11},"end":{"line":79,"column":17}},"loc":{"start":{"line":79,"column":17},"end":{"line":79,"column":null}}}},"branchMap":{"0":{"loc":{"start":{"line":11,"column":35},"end":{"line":11,"column":56}},"type":"default-arg","locations":[{"start":{"line":11,"column":55},"end":{"line":11,"column":56}}]},"1":{"loc":{"start":{"line":20,"column":4},"end":{"line":23,"column":null}},"type":"if","locations":[{"start":{"line":20,"column":4},"end":{"line":23,"column":null}}]},"2":{"loc":{"start":{"line":31,"column":4},"end":{"line":31,"column":null}},"type":"if","locations":[{"start":{"line":31,"column":4},"end":{"line":31,"column":null}}]},"3":{"loc":{"start":{"line":42,"column":4},"end":{"line":42,"column":null}},"type":"if","locations":[{"start":{"line":42,"column":4},"end":{"line":42,"column":null}}]},"4":{"loc":{"start":{"line":55,"column":6},"end":{"line":57,"column":null}},"type":"if","locations":[{"start":{"line":55,"column":6},"end":{"line":57,"column":null}}]},"5":{"loc":{"start":{"line":74,"column":6},"end":{"line":76,"column":null}},"type":"if","locations":[{"start":{"line":74,"column":6},"end":{"line":76,"column":null}}]}},"s":{"0":24,"1":2,"2":24,"3":24,"4":24,"5":23,"6":22,"7":22,"8":24,"9":11,"10":11,"11":0,"12":11,"13":11,"14":24,"15":4,"16":4,"17":0,"18":4,"19":4,"20":24,"21":27,"22":50,"23":26,"24":24,"25":12,"26":24,"27":24,"28":10,"29":10,"30":24,"31":24,"32":24},"f":{"0":24,"1":23,"2":11,"3":4,"4":27,"5":50,"6":12,"7":24,"8":10,"9":24},"b":{"0":[0],"1":[22],"2":[0],"3":[0],"4":[26],"5":[10]}}
}
