TN:
SF:src\main.tsx
FNF:0
FNH:0
DA:1,0
LF:1
LH:0
BRF:0
BRH:0
end_of_record
TN:
SF:src\app\error.js
FN:5,Error
FNF:1
FNH:0
FNDA:0,Error
DA:3,0
DA:5,0
LF:2
LH:0
BRF:0
BRH:0
end_of_record
TN:
SF:src\app\layout.js
FN:12,RootLayout
FNF:1
FNH:0
FNDA:0,RootLayout
DA:1,0
DA:2,0
DA:3,0
DA:5,0
DA:7,0
DA:12,0
LF:6
LH:0
BRF:0
BRH:0
end_of_record
TN:
SF:src\app\not-found.js
FN:5,NotFound
FNF:1
FNH:0
FNDA:0,NotFound
DA:3,0
DA:5,0
LF:2
LH:0
BRF:0
BRH:0
end_of_record
TN:
SF:src\app\page.js
FN:1,Home
FNF:1
FNH:0
FNDA:0,Home
DA:1,0
LF:1
LH:0
BRF:0
BRH:0
end_of_record
TN:
SF:src\app\(auth)\login\page.js
FN:8,Login
FN:14,(anonymous_3)
FN:15,(anonymous_4)
FN:50,(anonymous_5)
FN:53,(anonymous_6)
FN:57,(anonymous_7)
FNF:6
FNH:6
FNDA:12,Login
FNDA:12,(anonymous_3)
FNDA:13,(anonymous_4)
FNDA:12,(anonymous_5)
FNDA:2,(anonymous_6)
FNDA:1,(anonymous_7)
DA:3,1
DA:4,1
DA:5,1
DA:6,1
DA:8,12
DA:9,12
DA:10,12
DA:11,12
DA:14,12
DA:15,12
DA:17,13
DA:18,0
DA:21,13
DA:23,6
DA:24,6
DA:25,1
DA:27,5
DA:29,6
DA:31,3
DA:32,3
DA:33,3
DA:35,1
DA:36,1
DA:37,1
DA:40,2
DA:43,0
DA:45,1
DA:49,12
DA:50,12
DA:53,12
DA:54,2
DA:57,12
DA:58,1
LF:33
LH:31
BRDA:17,0,0,0
BRDA:21,1,0,6
BRDA:21,1,1,3
BRDA:21,1,2,1
BRDA:21,1,3,2
BRDA:21,1,4,0
BRDA:21,1,5,1
BRDA:24,2,0,1
BRDA:24,2,1,5
BRF:9
BRH:7
end_of_record
TN:
SF:src\app\(auth)\registro\page.js
FN:1,Registro
FNF:1
FNH:0
FNDA:0,Registro
DA:1,0
LF:1
LH:0
BRF:0
BRH:0
end_of_record
TN:
SF:src\app\(public)\contacto\page.js
FN:1,Contacto
FNF:1
FNH:0
FNDA:0,Contacto
DA:1,0
LF:1
LH:0
BRF:0
BRH:0
end_of_record
TN:
SF:src\app\(public)\empleos\page.js
FN:1,Empleos
FNF:1
FNH:0
FNDA:0,Empleos
DA:1,0
LF:1
LH:0
BRF:0
BRH:0
end_of_record
TN:
SF:src\app\(public)\empleos\categoria\page.js
FN:1,Categoria
FNF:1
FNH:0
FNDA:0,Categoria
DA:1,0
LF:1
LH:0
BRF:0
BRH:0
end_of_record
TN:
SF:src\app\(public)\nosotros\page.js
FN:1,Nosotros
FNF:1
FNH:0
FNDA:0,Nosotros
DA:1,0
LF:1
LH:0
BRF:0
BRH:0
end_of_record
TN:
SF:src\app\dashboard\page.js
FN:8,Dashboard
FN:16,(anonymous_3)
FNF:2
FNH:0
FNDA:0,Dashboard
FNDA:0,(anonymous_3)
DA:3,0
DA:4,0
DA:5,0
DA:6,0
DA:8,0
DA:9,0
DA:10,0
DA:12,0
DA:13,0
DA:16,0
DA:17,0
LF:11
LH:0
BRDA:12,0,0,0
BRF:1
BRH:0
end_of_record
TN:
SF:src\app\recruiter\page.js
FN:8,Recruiter
FN:16,(anonymous_3)
FNF:2
FNH:0
FNDA:0,Recruiter
FNDA:0,(anonymous_3)
DA:3,0
DA:4,0
DA:5,0
DA:6,0
DA:8,0
DA:9,0
DA:10,0
DA:12,0
DA:13,0
DA:16,0
DA:17,0
LF:11
LH:0
BRDA:12,0,0,0
BRF:1
BRH:0
end_of_record
TN:
SF:src\app\test-error\error.js
FN:5,Error
FNF:1
FNH:0
FNDA:0,Error
DA:3,0
DA:5,0
LF:2
LH:0
BRF:0
BRH:0
end_of_record
TN:
SF:src\app\test-error\page.js
FN:5,TestError
FN:16,(anonymous_2)
FNF:2
FNH:0
FNDA:0,TestError
FNDA:0,(anonymous_2)
DA:3,0
DA:5,0
DA:6,0
DA:8,0
DA:9,0
DA:16,0
LF:6
LH:0
BRDA:8,0,0,0
BRF:1
BRH:0
end_of_record
TN:
SF:src\components\index.js
FNF:0
FNH:0
DA:1,0
LF:1
LH:0
BRF:0
BRH:0
end_of_record
TN:
SF:src\components\layout\AuthenticatedNavbar.jsx
FN:9,AuthenticatedNavbar
FN:24,(anonymous_3)
FN:29,(anonymous_4)
FN:37,(anonymous_5)
FN:38,(anonymous_6)
FN:39,(anonymous_7)
FN:42,(anonymous_8)
FN:52,(anonymous_9)
FN:61,(anonymous_10)
FN:68,(anonymous_11)
FN:72,(anonymous_12)
FN:79,(anonymous_13)
FN:83,(anonymous_14)
FN:90,(anonymous_15)
FN:104,(anonymous_16)
FN:106,(anonymous_17)
FN:107,(anonymous_18)
FN:116,(anonymous_19)
FN:123,(anonymous_20)
FN:125,(anonymous_21)
FN:135,(anonymous_22)
FN:137,(anonymous_23)
FN:138,(anonymous_24)
FN:147,(anonymous_25)
FN:149,(anonymous_26)
FN:150,(anonymous_27)
FNF:26
FNH:0
FNDA:0,AuthenticatedNavbar
FNDA:0,(anonymous_3)
FNDA:0,(anonymous_4)
FNDA:0,(anonymous_5)
FNDA:0,(anonymous_6)
FNDA:0,(anonymous_7)
FNDA:0,(anonymous_8)
FNDA:0,(anonymous_9)
FNDA:0,(anonymous_10)
FNDA:0,(anonymous_11)
FNDA:0,(anonymous_12)
FNDA:0,(anonymous_13)
FNDA:0,(anonymous_14)
FNDA:0,(anonymous_15)
FNDA:0,(anonymous_16)
FNDA:0,(anonymous_17)
FNDA:0,(anonymous_18)
FNDA:0,(anonymous_19)
FNDA:0,(anonymous_20)
FNDA:0,(anonymous_21)
FNDA:0,(anonymous_22)
FNDA:0,(anonymous_23)
FNDA:0,(anonymous_24)
FNDA:0,(anonymous_25)
FNDA:0,(anonymous_26)
FNDA:0,(anonymous_27)
DA:3,0
DA:4,0
DA:5,0
DA:6,0
DA:7,0
DA:9,0
DA:10,0
DA:11,0
DA:12,0
DA:13,0
DA:14,0
DA:15,0
DA:17,0
DA:24,0
DA:25,0
DA:26,0
DA:29,0
DA:30,0
DA:32,0
DA:37,0
DA:38,0
DA:39,0
DA:40,0
DA:42,0
DA:43,0
DA:46,0
DA:49,0
DA:50,0
DA:51,0
DA:52,0
DA:53,0
DA:54,0
DA:58,0
DA:59,0
DA:60,0
DA:61,0
DA:62,0
DA:63,0
DA:66,0
DA:67,0
DA:68,0
DA:69,0
DA:70,0
DA:71,0
DA:72,0
DA:74,0
DA:78,0
DA:79,0
DA:83,0
DA:84,0
DA:85,0
DA:90,0
DA:91,0
DA:104,0
DA:106,0
DA:107,0
DA:117,0
DA:118,0
DA:123,0
DA:125,0
DA:135,0
DA:137,0
DA:138,0
DA:147,0
DA:149,0
DA:150,0
LF:66
LH:0
BRDA:30,0,0,0
BRDA:30,1,0,0
BRDA:30,1,1,0
BRDA:40,2,0,0
BRDA:40,2,1,0
BRDA:40,2,2,0
BRDA:46,3,0,0
BRDA:46,3,1,0
BRDA:46,3,2,0
BRDA:46,3,3,0
BRDA:46,3,4,0
BRDA:66,4,0,0
BRDA:66,4,1,0
BRDA:66,5,0,0
BRDA:66,5,1,0
BRDA:69,6,0,0
BRDA:69,7,0,0
BRDA:69,7,1,0
BRDA:84,8,0,0
BRDA:84,9,0,0
BRDA:84,9,1,0
BRDA:105,10,0,0
BRDA:105,10,1,0
BRDA:126,11,0,0
BRDA:126,11,1,0
BRDA:136,12,0,0
BRDA:136,12,1,0
BRDA:148,13,0,0
BRDA:148,13,1,0
BRF:29
BRH:0
end_of_record
TN:
SF:src\components\layout\CandidateNavbar.jsx
FN:8,CandidateNavbar
FN:14,(anonymous_3)
FN:18,(anonymous_4)
FN:19,(anonymous_5)
FN:46,(anonymous_6)
FN:49,(anonymous_7)
FN:68,(anonymous_8)
FN:70,(anonymous_9)
FN:82,(anonymous_10)
FN:84,(anonymous_11)
FN:96,(anonymous_12)
FN:98,(anonymous_13)
FN:106,(anonymous_14)
FN:108,(anonymous_15)
FN:116,(anonymous_16)
FN:118,(anonymous_17)
FN:127,(anonymous_18)
FN:129,(anonymous_19)
FNF:18
FNH:0
FNDA:0,CandidateNavbar
FNDA:0,(anonymous_3)
FNDA:0,(anonymous_4)
FNDA:0,(anonymous_5)
FNDA:0,(anonymous_6)
FNDA:0,(anonymous_7)
FNDA:0,(anonymous_8)
FNDA:0,(anonymous_9)
FNDA:0,(anonymous_10)
FNDA:0,(anonymous_11)
FNDA:0,(anonymous_12)
FNDA:0,(anonymous_13)
FNDA:0,(anonymous_14)
FNDA:0,(anonymous_15)
FNDA:0,(anonymous_16)
FNDA:0,(anonymous_17)
FNDA:0,(anonymous_18)
FNDA:0,(anonymous_19)
DA:3,0
DA:4,0
DA:5,0
DA:6,0
DA:8,0
DA:9,0
DA:10,0
DA:11,0
DA:12,0
DA:14,0
DA:15,0
DA:18,0
DA:19,0
DA:20,0
DA:22,0
DA:24,0
DA:25,0
DA:26,0
DA:28,0
DA:29,0
DA:30,0
DA:32,0
DA:33,0
DA:34,0
DA:35,0
DA:36,0
DA:37,0
DA:39,0
DA:42,0
DA:45,0
DA:46,0
DA:49,0
DA:50,0
DA:51,0
DA:68,0
DA:70,0
DA:82,0
DA:84,0
DA:96,0
DA:98,0
DA:106,0
DA:108,0
DA:116,0
DA:118,0
DA:127,0
DA:129,0
LF:46
LH:0
BRDA:22,0,0,0
BRDA:22,0,1,0
BRDA:22,0,2,0
BRDA:32,1,0,0
BRDA:32,1,1,0
BRDA:32,2,0,0
BRDA:32,2,1,0
BRDA:35,3,0,0
BRDA:35,4,0,0
BRDA:35,4,1,0
BRDA:50,5,0,0
BRDA:50,6,0,0
BRDA:50,6,1,0
BRF:13
BRH:0
end_of_record
TN:
SF:src\components\layout\CandidateSidebar.jsx
FN:7,CandidateSidebar
FN:19,(anonymous_3)
FN:23,(anonymous_4)
FN:24,(anonymous_5)
FN:62,(anonymous_6)
FN:65,(anonymous_7)
FN:78,(anonymous_8)
FN:80,(anonymous_9)
FN:85,(anonymous_10)
FN:89,(anonymous_11)
FN:93,(anonymous_12)
FN:95,(anonymous_13)
FNF:12
FNH:0
FNDA:0,CandidateSidebar
FNDA:0,(anonymous_3)
FNDA:0,(anonymous_4)
FNDA:0,(anonymous_5)
FNDA:0,(anonymous_6)
FNDA:0,(anonymous_7)
FNDA:0,(anonymous_8)
FNDA:0,(anonymous_9)
FNDA:0,(anonymous_10)
FNDA:0,(anonymous_11)
FNDA:0,(anonymous_12)
FNDA:0,(anonymous_13)
DA:3,0
DA:4,0
DA:5,0
DA:7,0
DA:8,0
DA:9,0
DA:10,0
DA:11,0
DA:13,0
DA:19,0
DA:20,0
DA:23,0
DA:24,0
DA:25,0
DA:27,0
DA:29,0
DA:30,0
DA:31,0
DA:33,0
DA:34,0
DA:35,0
DA:38,0
DA:39,0
DA:40,0
DA:42,0
DA:43,0
DA:44,0
DA:46,0
DA:48,0
DA:49,0
DA:50,0
DA:51,0
DA:52,0
DA:53,0
DA:55,0
DA:58,0
DA:61,0
DA:62,0
DA:65,0
DA:66,0
DA:67,0
DA:78,0
DA:80,0
DA:86,0
DA:90,0
DA:91,0
DA:93,0
DA:95,0
LF:48
LH:0
BRDA:27,0,0,0
BRDA:27,0,1,0
BRDA:27,0,2,0
BRDA:27,0,3,0
BRDA:27,0,4,0
BRDA:39,1,0,0
BRDA:39,1,1,0
BRDA:48,2,0,0
BRDA:48,2,1,0
BRDA:48,3,0,0
BRDA:48,3,1,0
BRDA:51,4,0,0
BRDA:51,5,0,0
BRDA:51,5,1,0
BRDA:66,6,0,0
BRDA:88,7,0,0
BRDA:88,7,1,0
BRDA:96,8,0,0
BRDA:96,8,1,0
BRF:19
BRH:0
end_of_record
TN:
SF:src\components\layout\ClientLayout.jsx
FN:8,ClientLayout
FNF:1
FNH:0
FNDA:0,ClientLayout
DA:3,0
DA:4,0
DA:5,0
DA:6,0
DA:8,0
LF:5
LH:0
BRF:0
BRH:0
end_of_record
TN:
SF:src\components\layout\ConditionalNavbar.jsx
FN:8,ConditionalNavbar
FNF:1
FNH:0
FNDA:0,ConditionalNavbar
DA:3,0
DA:4,0
DA:5,0
DA:6,0
DA:8,0
DA:9,0
DA:11,0
DA:13,0
DA:15,0
DA:17,0
LF:10
LH:0
BRDA:11,0,0,0
BRDA:11,0,1,0
BRDA:11,0,2,0
BRF:3
BRH:0
end_of_record
TN:
SF:src\components\layout\MainContent.jsx
FN:5,MainContent
FNF:1
FNH:0
FNDA:0,MainContent
DA:3,0
DA:5,0
DA:6,0
DA:8,0
LF:4
LH:0
BRDA:8,0,0,0
BRDA:8,0,1,0
BRF:2
BRH:0
end_of_record
TN:
SF:src\components\layout\Navbar.jsx
FN:8,Navbar
FN:21,(anonymous_3)
FN:27,(anonymous_4)
FN:30,(anonymous_5)
FN:34,(anonymous_6)
FN:35,(anonymous_7)
FN:94,(anonymous_8)
FN:97,(anonymous_9)
FN:115,(anonymous_10)
FN:117,(anonymous_11)
FN:129,(anonymous_12)
FN:134,(anonymous_13)
FN:136,(anonymous_14)
FN:148,(anonymous_15)
FN:150,(anonymous_16)
FN:151,(anonymous_17)
FN:164,(anonymous_18)
FN:166,(anonymous_19)
FN:174,(anonymous_20)
FN:176,(anonymous_21)
FN:187,(anonymous_22)
FN:189,(anonymous_23)
FNF:22
FNH:0
FNDA:0,Navbar
FNDA:0,(anonymous_3)
FNDA:0,(anonymous_4)
FNDA:0,(anonymous_5)
FNDA:0,(anonymous_6)
FNDA:0,(anonymous_7)
FNDA:0,(anonymous_8)
FNDA:0,(anonymous_9)
FNDA:0,(anonymous_10)
FNDA:0,(anonymous_11)
FNDA:0,(anonymous_12)
FNDA:0,(anonymous_13)
FNDA:0,(anonymous_14)
FNDA:0,(anonymous_15)
FNDA:0,(anonymous_16)
FNDA:0,(anonymous_17)
FNDA:0,(anonymous_18)
FNDA:0,(anonymous_19)
FNDA:0,(anonymous_20)
FNDA:0,(anonymous_21)
FNDA:0,(anonymous_22)
FNDA:0,(anonymous_23)
DA:3,0
DA:4,0
DA:5,0
DA:6,0
DA:8,0
DA:9,0
DA:10,0
DA:11,0
DA:12,0
DA:13,0
DA:15,0
DA:21,0
DA:22,0
DA:23,0
DA:27,0
DA:28,0
DA:30,0
DA:34,0
DA:35,0
DA:36,0
DA:37,0
DA:39,0
DA:41,0
DA:42,0
DA:43,0
DA:45,0
DA:46,0
DA:47,0
DA:49,0
DA:50,0
DA:52,0
DA:53,0
DA:55,0
DA:56,0
DA:57,0
DA:59,0
DA:60,0
DA:62,0
DA:64,0
DA:65,0
DA:67,0
DA:69,0
DA:70,0
DA:71,0
DA:72,0
DA:73,0
DA:74,0
DA:75,0
DA:77,0
DA:79,0
DA:80,0
DA:81,0
DA:82,0
DA:83,0
DA:84,0
DA:85,0
DA:87,0
DA:90,0
DA:93,0
DA:94,0
DA:97,0
DA:98,0
DA:99,0
DA:115,0
DA:117,0
DA:130,0
DA:134,0
DA:136,0
DA:148,0
DA:150,0
DA:151,0
DA:164,0
DA:166,0
DA:174,0
DA:176,0
DA:187,0
DA:189,0
LF:77
LH:0
BRDA:22,0,0,0
BRDA:22,0,1,0
BRDA:28,1,0,0
BRDA:28,2,0,0
BRDA:28,2,1,0
BRDA:36,3,0,0
BRDA:36,3,1,0
BRDA:39,4,0,0
BRDA:39,4,1,0
BRDA:39,4,2,0
BRDA:39,4,3,0
BRDA:39,4,4,0
BRDA:39,4,5,0
BRDA:50,5,0,0
BRDA:50,5,1,0
BRDA:53,6,0,0
BRDA:53,6,1,0
BRDA:53,7,0,0
BRDA:53,7,1,0
BRDA:57,8,0,0
BRDA:57,9,0,0
BRDA:57,9,1,0
BRDA:64,10,0,0
BRDA:69,11,0,0
BRDA:69,11,1,0
BRDA:69,12,0,0
BRDA:69,12,1,0
BRDA:73,13,0,0
BRDA:73,14,0,0
BRDA:73,14,1,0
BRDA:73,14,2,0
BRDA:79,15,0,0
BRDA:79,15,1,0
BRDA:79,16,0,0
BRDA:79,16,1,0
BRDA:82,17,0,0
BRDA:82,18,0,0
BRDA:82,18,1,0
BRDA:98,19,0,0
BRDA:98,20,0,0
BRDA:98,20,1,0
BRDA:158,21,0,0
BRDA:187,22,0,0
BRDA:187,22,1,0
BRDA:189,23,0,0
BRDA:189,23,1,0
BRF:46
BRH:0
end_of_record
TN:
SF:src\components\layout\RecruiterNavbar.jsx
FN:8,RecruiterNavbar
FN:14,(anonymous_3)
FN:18,(anonymous_4)
FN:19,(anonymous_5)
FN:46,(anonymous_6)
FN:49,(anonymous_7)
FN:68,(anonymous_8)
FN:70,(anonymous_9)
FN:82,(anonymous_10)
FN:84,(anonymous_11)
FN:94,(anonymous_12)
FN:96,(anonymous_13)
FNF:12
FNH:0
FNDA:0,RecruiterNavbar
FNDA:0,(anonymous_3)
FNDA:0,(anonymous_4)
FNDA:0,(anonymous_5)
FNDA:0,(anonymous_6)
FNDA:0,(anonymous_7)
FNDA:0,(anonymous_8)
FNDA:0,(anonymous_9)
FNDA:0,(anonymous_10)
FNDA:0,(anonymous_11)
FNDA:0,(anonymous_12)
FNDA:0,(anonymous_13)
DA:3,0
DA:4,0
DA:5,0
DA:6,0
DA:8,0
DA:9,0
DA:10,0
DA:11,0
DA:12,0
DA:14,0
DA:15,0
DA:18,0
DA:19,0
DA:20,0
DA:22,0
DA:24,0
DA:25,0
DA:26,0
DA:28,0
DA:29,0
DA:30,0
DA:32,0
DA:33,0
DA:34,0
DA:35,0
DA:36,0
DA:37,0
DA:39,0
DA:42,0
DA:45,0
DA:46,0
DA:49,0
DA:50,0
DA:51,0
DA:68,0
DA:70,0
DA:82,0
DA:84,0
DA:94,0
DA:96,0
LF:40
LH:0
BRDA:22,0,0,0
BRDA:22,0,1,0
BRDA:22,0,2,0
BRDA:32,1,0,0
BRDA:32,1,1,0
BRDA:32,2,0,0
BRDA:32,2,1,0
BRDA:35,3,0,0
BRDA:35,4,0,0
BRDA:35,4,1,0
BRDA:50,5,0,0
BRDA:50,6,0,0
BRDA:50,6,1,0
BRF:13
BRH:0
end_of_record
TN:
SF:src\components\layout\RecruiterSidebar.jsx
FN:7,RecruiterSidebar
FN:20,(anonymous_3)
FN:24,(anonymous_4)
FN:25,(anonymous_5)
FN:63,(anonymous_6)
FN:66,(anonymous_7)
FN:79,(anonymous_8)
FN:81,(anonymous_9)
FN:86,(anonymous_10)
FN:90,(anonymous_11)
FN:94,(anonymous_12)
FN:96,(anonymous_13)
FNF:12
FNH:0
FNDA:0,RecruiterSidebar
FNDA:0,(anonymous_3)
FNDA:0,(anonymous_4)
FNDA:0,(anonymous_5)
FNDA:0,(anonymous_6)
FNDA:0,(anonymous_7)
FNDA:0,(anonymous_8)
FNDA:0,(anonymous_9)
FNDA:0,(anonymous_10)
FNDA:0,(anonymous_11)
FNDA:0,(anonymous_12)
FNDA:0,(anonymous_13)
DA:3,0
DA:4,0
DA:5,0
DA:7,0
DA:8,0
DA:9,0
DA:10,0
DA:11,0
DA:13,0
DA:20,0
DA:21,0
DA:24,0
DA:25,0
DA:26,0
DA:28,0
DA:30,0
DA:31,0
DA:32,0
DA:34,0
DA:35,0
DA:36,0
DA:39,0
DA:40,0
DA:41,0
DA:43,0
DA:44,0
DA:45,0
DA:47,0
DA:49,0
DA:50,0
DA:51,0
DA:52,0
DA:53,0
DA:54,0
DA:56,0
DA:59,0
DA:62,0
DA:63,0
DA:66,0
DA:67,0
DA:68,0
DA:79,0
DA:81,0
DA:87,0
DA:91,0
DA:92,0
DA:94,0
DA:96,0
LF:48
LH:0
BRDA:28,0,0,0
BRDA:28,0,1,0
BRDA:28,0,2,0
BRDA:28,0,3,0
BRDA:28,0,4,0
BRDA:40,1,0,0
BRDA:40,1,1,0
BRDA:49,2,0,0
BRDA:49,2,1,0
BRDA:49,3,0,0
BRDA:49,3,1,0
BRDA:52,4,0,0
BRDA:52,5,0,0
BRDA:52,5,1,0
BRDA:67,6,0,0
BRDA:89,7,0,0
BRDA:89,7,1,0
BRDA:97,8,0,0
BRDA:97,8,1,0
BRF:19
BRH:0
end_of_record
TN:
SF:src\components\layout\index.js
FNF:0
FNH:0
DA:1,0
DA:2,0
DA:3,0
DA:4,0
DA:5,0
DA:6,0
DA:7,0
LF:7
LH:0
BRF:0
BRH:0
end_of_record
TN:
SF:src\contexts\ViewContext.js
FN:8,ViewProvider
FN:15,(anonymous_4)
FN:21,(anonymous_5)
FN:27,(anonymous_6)
FN:33,(anonymous_7)
FN:39,(anonymous_8)
FN:41,(anonymous_9)
FN:62,useView
FNF:8
FNH:0
FNDA:0,ViewProvider
FNDA:0,(anonymous_4)
FNDA:0,(anonymous_5)
FNDA:0,(anonymous_6)
FNDA:0,(anonymous_7)
FNDA:0,(anonymous_8)
FNDA:0,(anonymous_9)
FNDA:0,useView
DA:3,0
DA:4,0
DA:6,0
DA:8,0
DA:9,0
DA:10,0
DA:11,0
DA:12,0
DA:13,0
DA:15,0
DA:16,0
DA:17,0
DA:18,0
DA:21,0
DA:22,0
DA:23,0
DA:24,0
DA:27,0
DA:28,0
DA:29,0
DA:30,0
DA:33,0
DA:34,0
DA:35,0
DA:39,0
DA:40,0
DA:41,0
DA:42,0
DA:43,0
DA:62,0
DA:63,0
DA:64,0
DA:65,0
DA:67,0
LF:34
LH:0
BRDA:34,0,0,0
BRDA:34,1,0,0
BRDA:34,1,1,0
BRDA:34,1,2,0
BRDA:40,2,0,0
BRDA:40,3,0,0
BRDA:40,3,1,0
BRDA:64,4,0,0
BRF:8
BRH:0
end_of_record
TN:
SF:src\contexts\index.js
FNF:0
FNH:0
DA:1,0
LF:1
LH:0
BRF:0
BRH:0
end_of_record
TN:
SF:src\hooks\USAGE_EXAMPLES.js
FN:16,ModalExample
FN:20,(anonymous_8)
FN:21,(anonymous_9)
FN:31,(anonymous_10)
FN:47,FormExample
FN:50,(anonymous_12)
FN:55,(anonymous_13)
FN:101,ContextMenuExample
FN:105,(anonymous_15)
FN:106,(anonymous_16)
FN:128,(anonymous_17)
FN:153,TabsExample
FN:157,(anonymous_19)
FN:158,(anonymous_20)
FN:171,(anonymous_21)
FN:190,CarouselExample
FN:194,(anonymous_23)
FN:195,(anonymous_24)
FN:213,(anonymous_25)
FN:218,(anonymous_26)
FN:237,SearchExample
FN:242,(anonymous_28)
FN:243,(anonymous_29)
FN:256,(anonymous_30)
FN:264,(anonymous_31)
FN:271,(anonymous_32)
FNF:26
FNH:0
FNDA:0,ModalExample
FNDA:0,(anonymous_8)
FNDA:0,(anonymous_9)
FNDA:0,(anonymous_10)
FNDA:0,FormExample
FNDA:0,(anonymous_12)
FNDA:0,(anonymous_13)
FNDA:0,ContextMenuExample
FNDA:0,(anonymous_15)
FNDA:0,(anonymous_16)
FNDA:0,(anonymous_17)
FNDA:0,TabsExample
FNDA:0,(anonymous_19)
FNDA:0,(anonymous_20)
FNDA:0,(anonymous_21)
FNDA:0,CarouselExample
FNDA:0,(anonymous_23)
FNDA:0,(anonymous_24)
FNDA:0,(anonymous_25)
FNDA:0,(anonymous_26)
FNDA:0,SearchExample
FNDA:0,(anonymous_28)
FNDA:0,(anonymous_29)
FNDA:0,(anonymous_30)
FNDA:0,(anonymous_31)
FNDA:0,(anonymous_32)
DA:13,0
DA:14,0
DA:16,0
DA:17,0
DA:18,0
DA:20,0
DA:21,0
DA:22,0
DA:24,0
DA:25,0
DA:26,0
DA:30,0
DA:31,0
DA:47,0
DA:48,0
DA:50,0
DA:51,0
DA:52,0
DA:55,0
DA:57,0
DA:101,0
DA:102,0
DA:103,0
DA:105,0
DA:106,0
DA:107,0
DA:109,0
DA:111,0
DA:112,0
DA:113,0
DA:115,0
DA:116,0
DA:117,0
DA:120,0
DA:121,0
DA:123,0
DA:127,0
DA:128,0
DA:153,0
DA:154,0
DA:155,0
DA:157,0
DA:158,0
DA:159,0
DA:161,0
DA:162,0
DA:163,0
DA:164,0
DA:165,0
DA:166,0
DA:170,0
DA:171,0
DA:190,0
DA:191,0
DA:192,0
DA:194,0
DA:195,0
DA:196,0
DA:198,0
DA:199,0
DA:201,0
DA:202,0
DA:203,0
DA:204,0
DA:205,0
DA:206,0
DA:207,0
DA:208,0
DA:212,0
DA:213,0
DA:219,0
DA:237,0
DA:238,0
DA:239,0
DA:240,0
DA:242,0
DA:243,0
DA:244,0
DA:246,0
DA:247,0
DA:248,0
DA:249,0
DA:250,0
DA:251,0
DA:255,0
DA:256,0
DA:266,0
DA:272,0
LF:88
LH:0
BRDA:22,0,0,0
BRDA:24,1,0,0
BRDA:26,2,0,0
BRDA:26,2,1,0
BRDA:107,3,0,0
BRDA:109,4,0,0
BRDA:109,4,1,0
BRDA:109,4,2,0
BRDA:109,4,3,0
BRDA:159,5,0,0
BRDA:161,6,0,0
BRDA:161,6,1,0
BRDA:161,7,0,0
BRDA:161,7,1,0
BRDA:164,8,0,0
BRDA:164,9,0,0
BRDA:164,9,1,0
BRDA:196,10,0,0
BRDA:199,11,0,0
BRDA:199,11,1,0
BRDA:201,12,0,0
BRDA:201,12,1,0
BRDA:205,13,0,0
BRDA:225,14,0,0
BRDA:225,14,1,0
BRDA:244,15,0,0
BRDA:246,16,0,0
BRDA:246,16,1,0
BRDA:249,17,0,0
BRF:29
BRH:0
end_of_record
TN:
SF:src\hooks\useFocusManagement.js
FN:11,useFocusManagement
FN:19,(anonymous_2)
FN:29,(anonymous_3)
FN:40,(anonymous_4)
FN:53,(anonymous_5)
FN:54,(anonymous_6)
FN:64,(anonymous_7)
FN:71,(anonymous_8)
FN:73,(anonymous_9)
FN:79,(anonymous_10)
FNF:10
FNH:10
FNDA:24,useFocusManagement
FNDA:23,(anonymous_2)
FNDA:11,(anonymous_3)
FNDA:4,(anonymous_4)
FNDA:27,(anonymous_5)
FNDA:50,(anonymous_6)
FNDA:12,(anonymous_7)
FNDA:24,(anonymous_8)
FNDA:10,(anonymous_9)
FNDA:24,(anonymous_10)
DA:1,2
DA:11,24
DA:12,24
DA:13,24
DA:19,24
DA:20,23
DA:21,22
DA:22,22
DA:29,24
DA:30,11
DA:31,11
DA:33,11
DA:34,11
DA:40,24
DA:41,4
DA:42,4
DA:44,4
DA:45,4
DA:53,24
DA:54,27
DA:55,50
DA:56,26
DA:64,24
DA:65,12
DA:71,24
DA:73,24
DA:74,10
DA:75,10
DA:79,24
DA:82,24
LF:30
LH:30
BRDA:11,0,0,0
BRDA:20,1,0,22
BRDA:31,2,0,0
BRDA:42,3,0,0
BRDA:55,4,0,26
BRDA:74,5,0,10
BRF:6
BRH:3
end_of_record
